Using pre-set license
Built from '2020.3/staging' branch; Version is '2020.3.23f1 (c5d91304a876) revision 12966163'; Using compiler version '192528614'; Build Type 'Release'
OS: 'Windows 10 Home; OS build 19044.1586; Version 2009; 64bit' Language: 'nl' Physical Memory: 16252 MB
BatchMode: 1, IsHumanControllingUs: 0, StartBugReporterOnCrash: 0, Is64bit: 1, IsPro: 0

COMMAND LINE ARGUMENTS:
C:\Program Files\Unity\Hub\Editor\2020.3.23f1\Editor\Unity.exe
-adb2
-batchMode
-noUpm
-name
AssetImportWorker0
-projectPath
C:/Users/lisax/Desktop/Project Context II - Substainability Game/BanaanGame
-logFile
Logs/AssetImportWorker0.log
-srvPort
58205
Successfully changed project path to: C:/Users/lisax/Desktop/Project Context II - Substainability Game/BanaanGame
C:/Users/lisax/Desktop/Project Context II - Substainability Game/BanaanGame
Using Asset Import Pipeline V2.
Refreshing native plugins compatible for Editor in 36.26 ms, found 2 plugins.
Preloading 0 native plugins for Editor in 0.00 ms.
Initialize engine version: 2020.3.23f1 (c5d91304a876)
[Subsystems] Discovering subsystems at path C:/Program Files/Unity/Hub/Editor/2020.3.23f1/Editor/Data/Resources/UnitySubsystems
[Subsystems] Discovering subsystems at path C:/Users/lisax/Desktop/Project Context II - Substainability Game/BanaanGame/Assets
GfxDevice: creating device client; threaded=0
Direct3D:
    Version:  Direct3D 11.0 [level 11.1]
    Renderer: NVIDIA GeForce GTX 1650 (ID=0x1f99)
    Vendor:   
    VRAM:     3962 MB
    Driver:   27.21.14.6230
Initialize mono
Mono path[0] = 'C:/Program Files/Unity/Hub/Editor/2020.3.23f1/Editor/Data/Managed'
Mono path[1] = 'C:/Program Files/Unity/Hub/Editor/2020.3.23f1/Editor/Data/MonoBleedingEdge/lib/mono/unityjit'
Mono config path = 'C:/Program Files/Unity/Hub/Editor/2020.3.23f1/Editor/Data/MonoBleedingEdge/etc'
Using monoOptions --debugger-agent=transport=dt_socket,embedding=1,server=y,suspend=n,address=127.0.0.1:56528
Begin MonoManager ReloadAssembly
Registering precompiled unity dll's ...
Register platform support module: C:/Program Files/Unity/Hub/Editor/2020.3.23f1/Editor/Data/PlaybackEngines/WindowsStandaloneSupport/UnityEditor.WindowsStandalone.Extensions.dll
Registered in 0.001638 seconds.
Native extension for WindowsStandalone target not found
Refreshing native plugins compatible for Editor in 26.33 ms, found 2 plugins.
Preloading 0 native plugins for Editor in 0.00 ms.
Mono: successfully reloaded assembly
- Completed reload, in  0.489 seconds
Domain Reload Profiling:
	ReloadAssembly (489ms)
		BeginReloadAssembly (57ms)
			ExecutionOrderSort (0ms)
			DisableScriptedObjects (0ms)
			BackupInstance (0ms)
			ReleaseScriptingObjects (0ms)
			CreateAndSetChildDomain (1ms)
		EndReloadAssembly (372ms)
			LoadAssemblies (55ms)
			RebuildTransferFunctionScriptingTraits (0ms)
			SetupTypeCache (128ms)
			ReleaseScriptCaches (0ms)
			RebuildScriptCaches (26ms)
			SetupLoadedEditorAssemblies (133ms)
				LogAssemblyErrors (0ms)
				InitializePlatformSupportModulesInManaged (4ms)
				SetLoadedEditorAssemblies (0ms)
				RefreshPlugins (26ms)
				BeforeProcessingInitializeOnLoad (12ms)
				ProcessInitializeOnLoadAttributes (69ms)
				ProcessInitializeOnLoadMethodAttributes (22ms)
				AfterProcessingInitializeOnLoad (0ms)
				EditorAssembliesLoaded (0ms)
			ExecutionOrderSort2 (0ms)
			AwakeInstancesAfterBackupRestoration (0ms)
Platform modules already initialized, skipping
Registering precompiled user dll's ...
Registered in 0.003551 seconds.
Begin MonoManager ReloadAssembly
Native extension for WindowsStandalone target not found
Refreshing native plugins compatible for Editor in 0.29 ms, found 2 plugins.
Preloading 0 native plugins for Editor in 0.00 ms.
Mono: successfully reloaded assembly
- Completed reload, in  0.825 seconds
Domain Reload Profiling:
	ReloadAssembly (825ms)
		BeginReloadAssembly (116ms)
			ExecutionOrderSort (0ms)
			DisableScriptedObjects (4ms)
			BackupInstance (0ms)
			ReleaseScriptingObjects (0ms)
			CreateAndSetChildDomain (15ms)
		EndReloadAssembly (651ms)
			LoadAssemblies (68ms)
			RebuildTransferFunctionScriptingTraits (0ms)
			SetupTypeCache (226ms)
			ReleaseScriptCaches (0ms)
			RebuildScriptCaches (34ms)
			SetupLoadedEditorAssemblies (244ms)
				LogAssemblyErrors (0ms)
				InitializePlatformSupportModulesInManaged (4ms)
				SetLoadedEditorAssemblies (0ms)
				RefreshPlugins (0ms)
				BeforeProcessingInitializeOnLoad (67ms)
				ProcessInitializeOnLoadAttributes (159ms)
				ProcessInitializeOnLoadMethodAttributes (8ms)
				AfterProcessingInitializeOnLoad (5ms)
				EditorAssembliesLoaded (0ms)
			ExecutionOrderSort2 (0ms)
			AwakeInstancesAfterBackupRestoration (5ms)
Platform modules already initialized, skipping
========================================================================
Worker process is ready to serve import requests
Launched and connected shader compiler UnityShaderCompiler.exe after 0.05 seconds
Refreshing native plugins compatible for Editor in 0.29 ms, found 2 plugins.
Preloading 0 native plugins for Editor in 0.00 ms.
Unloading 1498 Unused Serialized files (Serialized files now loaded: 0)
System memory in use before: 81.8 MB.
System memory in use after: 81.9 MB.

Unloading 19 unused Assets to reduce memory usage. Loaded Objects now: 1952.
Total: 2.070000 ms (FindLiveObjects: 0.127800 ms CreateObjectMapping: 0.042100 ms MarkObjects: 1.856900 ms  DeleteObjects: 0.042400 ms)

AssetImportParameters requested are different than current active one (requested -> active):
  custom:framework-win-MediaFoundation: 216162199b28c13a410421893ffa2e32 -> 
  custom:video-decoder-ogg-theora: a1e56fd34408186e4bbccfd4996cb3dc -> 
  custom:container-muxer-webm: aa71ff27fc2769a1b78a27578f13a17b -> 
  custom:container-demuxer-webm: 4f35f7cbe854078d1ac9338744f61a02 -> 
  custom:container-demuxer-ogg: 62fdf1f143b41e24485cea50d1cbac27 -> 
  custom:video-encoder-webm-vp8: eb34c28f22e8b96e1ab97ce403110664 -> 
  custom:video-codec-MediaFoundation-h265: 746d11721c4dcdbdad8f713fa42b33f4 -> 
  custom:video-decoder-webm-vp8: 9c59270c3fd7afecdb556c50c9e8de78 -> 
  custom:audio-decoder-ogg-vorbis: bf7c407c2cedff20999df2af8eb42d56 -> 
  custom:audio-encoder-webm-vorbis: bf7c407c2cedff20999df2af8eb42d56 -> 
========================================================================
Received Import Request.
  path: Assets/textures/potten.mat
  artifactKey: Guid(bfc95ecb25431f848a0636ca23b1c0ae) Importer(815301076,1909f56bfc062723c751e8b465ee728b)
Start importing Assets/textures/potten.mat using Guid(bfc95ecb25431f848a0636ca23b1c0ae) Importer(815301076,1909f56bfc062723c751e8b465ee728b)  -> (artifact id: '99fda3b705ae4d342dc0a188c5298612') in 0.104228 seconds 
  Import took 0.106327 seconds .

========================================================================
Received Import Request.
  Time since last request: 0.000143 seconds.
  path: Assets/textures/greenhouse innards_tafel_MaskMap.png
  artifactKey: Guid(63a6413bb75433d43bcc8031414c3847) Importer(815301076,1909f56bfc062723c751e8b465ee728b)
Start importing Assets/textures/greenhouse innards_tafel_MaskMap.png using Guid(63a6413bb75433d43bcc8031414c3847) Importer(815301076,1909f56bfc062723c751e8b465ee728b)  -> (artifact id: 'b21d97e3734c6e1f2b6a67b8b06f669b') in 0.018897 seconds 
  Import took 0.020986 seconds .

========================================================================
Received Import Request.
  Time since last request: 0.000129 seconds.
  path: Assets/textures/NewBrush.brush
  artifactKey: Guid(392877e5a3ca3704681fd85bf445d99e) Importer(815301076,1909f56bfc062723c751e8b465ee728b)
Start importing Assets/textures/NewBrush.brush using Guid(392877e5a3ca3704681fd85bf445d99e) Importer(815301076,1909f56bfc062723c751e8b465ee728b)  -> (artifact id: '6444b7f5feb2e40156186a289dad8e59') in 0.016586 seconds 
  Import took 0.018596 seconds .

========================================================================
Received Import Request.
  Time since last request: 0.000160 seconds.
  path: Assets/textures/tafel.mat
  artifactKey: Guid(a661bde0e7e7d164587f7689b1446c71) Importer(815301076,1909f56bfc062723c751e8b465ee728b)
Start importing Assets/textures/tafel.mat using Guid(a661bde0e7e7d164587f7689b1446c71) Importer(815301076,1909f56bfc062723c751e8b465ee728b)  -> (artifact id: '20ee41ac18fa362f22f572eea26956ef') in 0.019162 seconds 
  Import took 0.021615 seconds .

========================================================================
Received Import Request.
  Time since last request: 0.000206 seconds.
  path: Assets/textures/greenhouse innards_tafel_Normal.png
  artifactKey: Guid(1360fb6a43f58864e81a2e860c9ac5db) Importer(815301076,1909f56bfc062723c751e8b465ee728b)
Start importing Assets/textures/greenhouse innards_tafel_Normal.png using Guid(1360fb6a43f58864e81a2e860c9ac5db) Importer(815301076,1909f56bfc062723c751e8b465ee728b)  -> (artifact id: '513f473f831e0a9b364440535edf03bc') in 0.011624 seconds 
  Import took 0.014114 seconds .

========================================================================
Received Import Request.
  Time since last request: 81.714643 seconds.
  path: Assets/NewBrush.brush
  artifactKey: Guid(5aae3860aced5154ca8fe6c28bf42c79) Importer(815301076,1909f56bfc062723c751e8b465ee728b)
Start importing Assets/NewBrush.brush using Guid(5aae3860aced5154ca8fe6c28bf42c79) Importer(815301076,1909f56bfc062723c751e8b465ee728b)  -> (artifact id: '590319daa07d23890e0c19a3cc89f0ed') in 0.009620 seconds 
  Import took 0.012547 seconds .

========================================================================
Received Import Request.
  Time since last request: 1.767811 seconds.
  path: Assets/models/greenhouse innards.fbx
  artifactKey: Guid(73d384f221c1bd840904f3a62f6132ec) Importer(815301076,1909f56bfc062723c751e8b465ee728b)
Start importing Assets/models/greenhouse innards.fbx using Guid(73d384f221c1bd840904f3a62f6132ec) Importer(815301076,1909f56bfc062723c751e8b465ee728b)  -> (artifact id: '689df645a708f817d7710852bc666c1a') in 0.061482 seconds 
  Import took 0.064205 seconds .

========================================================================
Received Import Request.
  Time since last request: 43.869012 seconds.
  path: Assets/textures/glass.mat
  artifactKey: Guid(85f897788beafb64e8204c7c38e87756) Importer(815301076,1909f56bfc062723c751e8b465ee728b)
Start importing Assets/textures/glass.mat using Guid(85f897788beafb64e8204c7c38e87756) Importer(815301076,1909f56bfc062723c751e8b465ee728b)  -> (artifact id: 'cffece1ab440341ecff5411992227b69') in 0.011792 seconds 
  Import took 0.014109 seconds .

========================================================================
Received Import Request.
  Time since last request: 0.000141 seconds.
  path: Assets/textures/greenhouse innards_potten_Normal.png
  artifactKey: Guid(53ca3a2f0f01eb74291b5c9771a5076d) Importer(815301076,1909f56bfc062723c751e8b465ee728b)
Start importing Assets/textures/greenhouse innards_potten_Normal.png using Guid(53ca3a2f0f01eb74291b5c9771a5076d) Importer(815301076,1909f56bfc062723c751e8b465ee728b)  -> (artifact id: 'dc8cc332d71f1490ad89af9e85147fc2') in 0.008344 seconds 
  Import took 0.010433 seconds .

========================================================================
Received Import Request.
  Time since last request: 0.000167 seconds.
  path: Assets/textures/greenhouse innards_potten_BaseMap.png
  artifactKey: Guid(961da366f1da18e4187e7b8a796296a4) Importer(815301076,1909f56bfc062723c751e8b465ee728b)
Start importing Assets/textures/greenhouse innards_potten_BaseMap.png using Guid(961da366f1da18e4187e7b8a796296a4) Importer(815301076,1909f56bfc062723c751e8b465ee728b)  -> (artifact id: '687877b5ca419cbad6315c1ba719fd83') in 0.009264 seconds 
  Import took 0.011208 seconds .

========================================================================
Received Import Request.
  Time since last request: 0.000198 seconds.
  path: Assets/textures/greenhouse innards_potten_MaskMap.png
  artifactKey: Guid(aae91e7d0426a24488846dbcba0bc2bb) Importer(815301076,1909f56bfc062723c751e8b465ee728b)
Start importing Assets/textures/greenhouse innards_potten_MaskMap.png using Guid(aae91e7d0426a24488846dbcba0bc2bb) Importer(815301076,1909f56bfc062723c751e8b465ee728b)  -> (artifact id: 'a2e982f4f20e92a91e9e83f8b975434b') in 0.007088 seconds 
  Import took 0.009028 seconds .

========================================================================
Received Import Request.
  Time since last request: 0.000134 seconds.
  path: Assets/textures/greenhouse innards_tafel_BaseMap.png
  artifactKey: Guid(6d2eaba6ad024fc448ed1f883f5cbeee) Importer(815301076,1909f56bfc062723c751e8b465ee728b)
Start importing Assets/textures/greenhouse innards_tafel_BaseMap.png using Guid(6d2eaba6ad024fc448ed1f883f5cbeee) Importer(815301076,1909f56bfc062723c751e8b465ee728b)  -> (artifact id: 'caea9b2e3e11c55ccb7cdb7f0df665fb') in 0.007752 seconds 
  Import took 0.009759 seconds .

========================================================================
Received Import Request.
  Time since last request: 14.280179 seconds.
  path: Assets/textures/farmland.mat
  artifactKey: Guid(ff816235e06f3df42b283a5ef00a0001) Importer(815301076,1909f56bfc062723c751e8b465ee728b)
Start importing Assets/textures/farmland.mat using Guid(ff816235e06f3df42b283a5ef00a0001) Importer(815301076,1909f56bfc062723c751e8b465ee728b)  -> (artifact id: '514bffe35b14c73fe1d178a00892bff7') in 0.013787 seconds 
  Import took 0.016110 seconds .

========================================================================
Received Import Request.
  Time since last request: 86.281738 seconds.
  path: Assets/textures/farmland_lambert1_BaseMap.png
  artifactKey: Guid(9d5a7fd772d8e7e48a6a1473371df497) Importer(815301076,1909f56bfc062723c751e8b465ee728b)
Start importing Assets/textures/farmland_lambert1_BaseMap.png using Guid(9d5a7fd772d8e7e48a6a1473371df497) Importer(815301076,1909f56bfc062723c751e8b465ee728b)  -> (artifact id: '08c58905c032aff658550a907f710a45') in 0.010640 seconds 
  Import took 0.013410 seconds .

========================================================================
Received Import Request.
  Time since last request: 0.000151 seconds.
  path: Assets/textures/farmland_lambert1_MaskMap.png
  artifactKey: Guid(cf306bacaf9db3246bb6274c0a67a912) Importer(815301076,1909f56bfc062723c751e8b465ee728b)
Start importing Assets/textures/farmland_lambert1_MaskMap.png using Guid(cf306bacaf9db3246bb6274c0a67a912) Importer(815301076,1909f56bfc062723c751e8b465ee728b)  -> (artifact id: '00de30f2da19db201a717edb76508a92') in 0.011274 seconds 
  Import took 0.013511 seconds .

========================================================================
Received Import Request.
  Time since last request: 0.000154 seconds.
  path: Assets/textures/farmland_lambert1_Normal.png
  artifactKey: Guid(b0b72ce7363461446bfe83d57686df27) Importer(815301076,1909f56bfc062723c751e8b465ee728b)
Start importing Assets/textures/farmland_lambert1_Normal.png using Guid(b0b72ce7363461446bfe83d57686df27) Importer(815301076,1909f56bfc062723c751e8b465ee728b)  -> (artifact id: '5777284767b7399cbcdf05839d2b4aaf') in 0.009935 seconds 
  Import took 0.012415 seconds .

========================================================================
Received Import Request.
  Time since last request: 8.344279 seconds.
  path: Assets/textures/farmland_lambert1_Normal.png
  artifactKey: Guid(b0b72ce7363461446bfe83d57686df27) Importer(815301076,1909f56bfc062723c751e8b465ee728b)
Start importing Assets/textures/farmland_lambert1_Normal.png using Guid(b0b72ce7363461446bfe83d57686df27) Importer(815301076,1909f56bfc062723c751e8b465ee728b)  -> (artifact id: 'cb632920c7a2fe874fc9be4e1c764aa9') in 0.011924 seconds 
  Import took 0.015056 seconds .

========================================================================
Received Import Request.
  Time since last request: 10.979279 seconds.
  path: Assets/textures/pipe.mat
  artifactKey: Guid(ac308c77caba26544bb8a7c277af69bd) Importer(815301076,1909f56bfc062723c751e8b465ee728b)
Start importing Assets/textures/pipe.mat using Guid(ac308c77caba26544bb8a7c277af69bd) Importer(815301076,1909f56bfc062723c751e8b465ee728b)  -> (artifact id: 'fc3439f9896a697e0ceda7a88f8cb765') in 0.012081 seconds 
  Import took 0.014423 seconds .

========================================================================
Received Import Request.
  Time since last request: 51.079282 seconds.
  path: Assets/textures/pipe.png
  artifactKey: Guid(8f16fc1f9fde44d4c875ec924b32109e) Importer(815301076,1909f56bfc062723c751e8b465ee728b)
Start importing Assets/textures/pipe.png using Guid(8f16fc1f9fde44d4c875ec924b32109e) Importer(815301076,1909f56bfc062723c751e8b465ee728b)  -> (artifact id: '7a1579fa48c38e74ba4e331e5ec1a0ef') in 0.011458 seconds 
  Import took 0.014291 seconds .

========================================================================
Received Import Request.
  Time since last request: 9.020129 seconds.
  path: Assets/textures/farmland.mat
  artifactKey: Guid(ff816235e06f3df42b283a5ef00a0001) Importer(815301076,1909f56bfc062723c751e8b465ee728b)
Start importing Assets/textures/farmland.mat using Guid(ff816235e06f3df42b283a5ef00a0001) Importer(815301076,1909f56bfc062723c751e8b465ee728b)  -> (artifact id: 'ae9a3da9912cb9516f6837cd0eb88120') in 0.018905 seconds 
  Import took 0.021641 seconds .

========================================================================
Received Import Request.
  Time since last request: 0.000137 seconds.
  path: Assets/textures/pipe.mat
  artifactKey: Guid(ac308c77caba26544bb8a7c277af69bd) Importer(815301076,1909f56bfc062723c751e8b465ee728b)
Start importing Assets/textures/pipe.mat using Guid(ac308c77caba26544bb8a7c277af69bd) Importer(815301076,1909f56bfc062723c751e8b465ee728b)  -> (artifact id: '7bab32825c39f863de7e4801eb3bfd3c') in 0.017834 seconds 
  Import took 0.020330 seconds .

AssetImportWorkerClient::OnTransportError - code=2 error=End of file
