Using pre-set license
Built from '2020.3/staging' branch; Version is '2020.3.23f1 (c5d91304a876) revision 12966163'; Using compiler version '192528614'; Build Type 'Release'
OS: 'Windows 10 Pro; OS build 19044.1526; Version 2009; 64bit' Language: 'en' Physical Memory: 16330 MB
BatchMode: 1, IsHumanControllingUs: 0, StartBugReporterOnCrash: 0, Is64bit: 1, IsPro: 0

COMMAND LINE ARGUMENTS:
C:\Program Files\Unity\Hub\Editor\2020.3.23f1\Editor\Unity.exe
-adb2
-batchMode
-noUpm
-name
AssetImportWorker0
-projectPath
C:/Users/Joost/Documents/HKU/Jaar 2/project banaan/github/BanaanGame
-logFile
Logs/AssetImportWorker0.log
-srvPort
60773
Successfully changed project path to: C:/Users/Joost/Documents/HKU/Jaar 2/project banaan/github/BanaanGame
C:/Users/Joost/Documents/HKU/Jaar 2/project banaan/github/BanaanGame
Using Asset Import Pipeline V2.
Refreshing native plugins compatible for Editor in 69.79 ms, found 5 plugins.
Preloading 0 native plugins for Editor in 0.00 ms.
Initialize engine version: 2020.3.23f1 (c5d91304a876)
[Subsystems] Discovering subsystems at path C:/Program Files/Unity/Hub/Editor/2020.3.23f1/Editor/Data/Resources/UnitySubsystems
[Subsystems] Discovering subsystems at path C:/Users/Joost/Documents/HKU/Jaar 2/project banaan/github/BanaanGame/Assets
GfxDevice: creating device client; threaded=0
Direct3D:
    Version:  Direct3D 11.0 [level 11.1]
    Renderer: NVIDIA GeForce RTX 2060 (ID=0x1e89)
    Vendor:   
    VRAM:     5968 MB
    Driver:   30.0.15.1179
Initialize mono
Mono path[0] = 'C:/Program Files/Unity/Hub/Editor/2020.3.23f1/Editor/Data/Managed'
Mono path[1] = 'C:/Program Files/Unity/Hub/Editor/2020.3.23f1/Editor/Data/MonoBleedingEdge/lib/mono/unityjit'
Mono config path = 'C:/Program Files/Unity/Hub/Editor/2020.3.23f1/Editor/Data/MonoBleedingEdge/etc'
Using monoOptions --debugger-agent=transport=dt_socket,embedding=1,server=y,suspend=n,address=127.0.0.1:56812
Begin MonoManager ReloadAssembly
Registering precompiled unity dll's ...
Register platform support module: C:/Program Files/Unity/Hub/Editor/2020.3.23f1/Editor/Data/PlaybackEngines/WindowsStandaloneSupport/UnityEditor.WindowsStandalone.Extensions.dll
Registered in 0.002337 seconds.
Native extension for WindowsStandalone target not found
Refreshing native plugins compatible for Editor in 44.24 ms, found 5 plugins.
Preloading 0 native plugins for Editor in 0.00 ms.
Mono: successfully reloaded assembly
- Completed reload, in  0.517 seconds
Domain Reload Profiling:
	ReloadAssembly (517ms)
		BeginReloadAssembly (51ms)
			ExecutionOrderSort (0ms)
			DisableScriptedObjects (0ms)
			BackupInstance (0ms)
			ReleaseScriptingObjects (0ms)
			CreateAndSetChildDomain (1ms)
		EndReloadAssembly (397ms)
			LoadAssemblies (48ms)
			RebuildTransferFunctionScriptingTraits (0ms)
			SetupTypeCache (129ms)
			ReleaseScriptCaches (0ms)
			RebuildScriptCaches (26ms)
			SetupLoadedEditorAssemblies (153ms)
				LogAssemblyErrors (0ms)
				InitializePlatformSupportModulesInManaged (4ms)
				SetLoadedEditorAssemblies (0ms)
				RefreshPlugins (44ms)
				BeforeProcessingInitializeOnLoad (15ms)
				ProcessInitializeOnLoadAttributes (68ms)
				ProcessInitializeOnLoadMethodAttributes (23ms)
				AfterProcessingInitializeOnLoad (0ms)
				EditorAssembliesLoaded (0ms)
			ExecutionOrderSort2 (0ms)
			AwakeInstancesAfterBackupRestoration (0ms)
Platform modules already initialized, skipping
Registering precompiled user dll's ...
Registered in 0.008901 seconds.
Begin MonoManager ReloadAssembly
Native extension for WindowsStandalone target not found
Refreshing native plugins compatible for Editor in 0.85 ms, found 5 plugins.
Preloading 0 native plugins for Editor in 0.00 ms.
Mono: successfully reloaded assembly
- Completed reload, in  0.939 seconds
Domain Reload Profiling:
	ReloadAssembly (940ms)
		BeginReloadAssembly (128ms)
			ExecutionOrderSort (0ms)
			DisableScriptedObjects (4ms)
			BackupInstance (0ms)
			ReleaseScriptingObjects (0ms)
			CreateAndSetChildDomain (16ms)
		EndReloadAssembly (753ms)
			LoadAssemblies (84ms)
			RebuildTransferFunctionScriptingTraits (0ms)
			SetupTypeCache (254ms)
			ReleaseScriptCaches (0ms)
			RebuildScriptCaches (44ms)
			SetupLoadedEditorAssemblies (289ms)
				LogAssemblyErrors (0ms)
				InitializePlatformSupportModulesInManaged (4ms)
				SetLoadedEditorAssemblies (0ms)
				RefreshPlugins (1ms)
				BeforeProcessingInitializeOnLoad (82ms)
				ProcessInitializeOnLoadAttributes (186ms)
				ProcessInitializeOnLoadMethodAttributes (8ms)
				AfterProcessingInitializeOnLoad (8ms)
				EditorAssembliesLoaded (0ms)
			ExecutionOrderSort2 (0ms)
			AwakeInstancesAfterBackupRestoration (5ms)
Platform modules already initialized, skipping
========================================================================
Worker process is ready to serve import requests
Launched and connected shader compiler UnityShaderCompiler.exe after 0.04 seconds
Refreshing native plugins compatible for Editor in 1.17 ms, found 5 plugins.
Preloading 0 native plugins for Editor in 0.00 ms.
Unloading 2026 Unused Serialized files (Serialized files now loaded: 0)
System memory in use before: 90.5 MB.
System memory in use after: 90.6 MB.

Unloading 78 unused Assets to reduce memory usage. Loaded Objects now: 2402.
Total: 2.899100 ms (FindLiveObjects: 0.182400 ms CreateObjectMapping: 0.044800 ms MarkObjects: 2.586200 ms  DeleteObjects: 0.084300 ms)

AssetImportParameters requested are different than current active one (requested -> active):
  custom:framework-win-MediaFoundation: 216162199b28c13a410421893ffa2e32 -> 
  custom:video-decoder-ogg-theora: a1e56fd34408186e4bbccfd4996cb3dc -> 
  custom:container-muxer-webm: aa71ff27fc2769a1b78a27578f13a17b -> 
  custom:container-demuxer-webm: 4f35f7cbe854078d1ac9338744f61a02 -> 
  custom:container-demuxer-ogg: 62fdf1f143b41e24485cea50d1cbac27 -> 
  custom:video-encoder-webm-vp8: eb34c28f22e8b96e1ab97ce403110664 -> 
  custom:video-decoder-webm-vp8: 9c59270c3fd7afecdb556c50c9e8de78 -> 
  custom:audio-decoder-ogg-vorbis: bf7c407c2cedff20999df2af8eb42d56 -> 
  custom:audio-encoder-webm-vorbis: bf7c407c2cedff20999df2af8eb42d56 -> 
========================================================================
Received Import Request.
  path: Assets/Scenes
  artifactKey: Guid(3f335c1be53135d409af0dccb0bc0099) Importer(815301076,1909f56bfc062723c751e8b465ee728b)
Start importing Assets/Scenes using Guid(3f335c1be53135d409af0dccb0bc0099) Importer(815301076,1909f56bfc062723c751e8b465ee728b)  -> (artifact id: '0f537df5b487a7b6e90a9dac29751860') in 0.005037 seconds 
  Import took 0.007762 seconds .

========================================================================
Received Import Request.
  Time since last request: 6.651632 seconds.
  path: Assets/Scenes/lvl1.unity
  artifactKey: Guid(ba58d79cdde5c354896e3afb0970eddf) Importer(815301076,1909f56bfc062723c751e8b465ee728b)
Start importing Assets/Scenes/lvl1.unity using Guid(ba58d79cdde5c354896e3afb0970eddf) Importer(815301076,1909f56bfc062723c751e8b465ee728b)  -> (artifact id: 'b41df82e39f7b75f78a537ce576120cb') in 0.009372 seconds 
  Import took 0.012380 seconds .

========================================================================
Received Import Request.
  Time since last request: 4.714542 seconds.
  path: Assets/Scenes/Lisa importing assets.unity
  artifactKey: Guid(0a8ee04d0d8520444ba6a733caecd78c) Importer(815301076,1909f56bfc062723c751e8b465ee728b)
Start importing Assets/Scenes/Lisa importing assets.unity using Guid(0a8ee04d0d8520444ba6a733caecd78c) Importer(815301076,1909f56bfc062723c751e8b465ee728b)  -> (artifact id: 'fb82ad3565a3fe4f0d54537ff79f98f4') in 0.002836 seconds 
  Import took 0.006109 seconds .

========================================================================
Received Import Request.
  Time since last request: 330.384984 seconds.
  path: Assets/TerrainTexturesPackFree/TerrainTextures
  artifactKey: Guid(420ce52555ac5fd4581d02d8662ac746) Importer(815301076,1909f56bfc062723c751e8b465ee728b)
Start importing Assets/TerrainTexturesPackFree/TerrainTextures using Guid(420ce52555ac5fd4581d02d8662ac746) Importer(815301076,1909f56bfc062723c751e8b465ee728b)  -> (artifact id: 'ca7b9fc169927a7eaa1bac4f43f4d35d') in 0.002502 seconds 
  Import took 0.006117 seconds .

========================================================================
Received Import Request.
  Time since last request: 12.169599 seconds.
  path: Assets/Plugins/FMOD/images/AddIcon.png
  artifactKey: Guid(3300e81f02e64924eb7cb7782713b126) Importer(815301076,1909f56bfc062723c751e8b465ee728b)
Start importing Assets/Plugins/FMOD/images/AddIcon.png using Guid(3300e81f02e64924eb7cb7782713b126) Importer(815301076,1909f56bfc062723c751e8b465ee728b)  -> (artifact id: 'b60025dbbc584c86df79e0ccfc4ebc7a') in 0.051582 seconds 
  Import took 0.054694 seconds .

========================================================================
Received Import Request.
  Time since last request: 0.000197 seconds.
  path: Assets/TerrainTexturesPackFree/TerrainTextures/GroundCracked01.png
  artifactKey: Guid(a87cbf62329d56d4681d92302095915c) Importer(815301076,1909f56bfc062723c751e8b465ee728b)
Start importing Assets/TerrainTexturesPackFree/TerrainTextures/GroundCracked01.png using Guid(a87cbf62329d56d4681d92302095915c) Importer(815301076,1909f56bfc062723c751e8b465ee728b)  -> (artifact id: '191f1e0bba8f2d10878eae38267c51df') in 0.020750 seconds 
  Import took 0.023498 seconds .

========================================================================
Received Import Request.
  Time since last request: 0.000171 seconds.
  path: Assets/Plugins/FMOD/images/CopyIcon.png
  artifactKey: Guid(6e164dcb85fc8ad4b9ab2f1e883862d2) Importer(815301076,1909f56bfc062723c751e8b465ee728b)
Start importing Assets/Plugins/FMOD/images/CopyIcon.png using Guid(6e164dcb85fc8ad4b9ab2f1e883862d2) Importer(815301076,1909f56bfc062723c751e8b465ee728b)  -> (artifact id: 'b1cf392c1594f0e5aae67251b68c305a') in 0.006519 seconds 
  Import took 0.009059 seconds .

========================================================================
Received Import Request.
  Time since last request: 0.000186 seconds.
  path: Assets/textures/flower lantaarnpaal_polySurface4_Normal.png
  artifactKey: Guid(0b20d3c315e29e0478a93492365d1be6) Importer(815301076,1909f56bfc062723c751e8b465ee728b)
Start importing Assets/textures/flower lantaarnpaal_polySurface4_Normal.png using Guid(0b20d3c315e29e0478a93492365d1be6) Importer(815301076,1909f56bfc062723c751e8b465ee728b)  -> (artifact id: '28f87ccbfaaf07779fa87dbc17e4d858') in 0.026207 seconds 
  Import took 0.029157 seconds .

========================================================================
Received Import Request.
  Time since last request: 0.000206 seconds.
  path: Assets/Plugins/FMOD/images/BrowserIcon.png
  artifactKey: Guid(c783b763d12874147876e070661b66ab) Importer(815301076,1909f56bfc062723c751e8b465ee728b)
Start importing Assets/Plugins/FMOD/images/BrowserIcon.png using Guid(c783b763d12874147876e070661b66ab) Importer(815301076,1909f56bfc062723c751e8b465ee728b)  -> (artifact id: '09c34bc37a2a6fb7eba34d11ac18e7f2') in 0.007163 seconds 
  Import took 0.009770 seconds .

========================================================================
Received Import Request.
  Time since last request: 0.000203 seconds.
  path: Assets/Plugins/FMOD/images/FolderIconClosed.png
  artifactKey: Guid(70efeb6d97126f843b30b8ed62d18a4f) Importer(815301076,1909f56bfc062723c751e8b465ee728b)
Start importing Assets/Plugins/FMOD/images/FolderIconClosed.png using Guid(70efeb6d97126f843b30b8ed62d18a4f) Importer(815301076,1909f56bfc062723c751e8b465ee728b)  -> (artifact id: '5c4653bf76dd2cd9d49f8d0f5ebb65e8') in 0.006801 seconds 
  Import took 0.009793 seconds .

========================================================================
Received Import Request.
  Time since last request: 0.000198 seconds.
  path: Assets/Jammo-Character/Textures/jammo_eyes.png
  artifactKey: Guid(09beef63c41c25b458d2f95fdfd9e0e5) Importer(815301076,1909f56bfc062723c751e8b465ee728b)
Start importing Assets/Jammo-Character/Textures/jammo_eyes.png using Guid(09beef63c41c25b458d2f95fdfd9e0e5) Importer(815301076,1909f56bfc062723c751e8b465ee728b)  -> (artifact id: 'cfc1e972aee9f7f7588c4a215c655db6') in 0.008057 seconds 
  Import took 0.010533 seconds .

========================================================================
Received Import Request.
  Time since last request: 0.000246 seconds.
  path: Assets/TerrainTexturesPackFree/TerrainTextures/GroundStones01_N.png
  artifactKey: Guid(63312008529ed1d4bab4d57c204bae7a) Importer(815301076,1909f56bfc062723c751e8b465ee728b)
Start importing Assets/TerrainTexturesPackFree/TerrainTextures/GroundStones01_N.png using Guid(63312008529ed1d4bab4d57c204bae7a) Importer(815301076,1909f56bfc062723c751e8b465ee728b)  -> (artifact id: '163cceaef6c327501540d92bcde9ef44') in 0.030235 seconds 
  Import took 0.034343 seconds .

========================================================================
Received Import Request.
  Time since last request: 0.000217 seconds.
  path: Assets/textures/flower lantaarnpaal_lamp_BaseMap.png
  artifactKey: Guid(713e6ea86ee83324f8af0fa60ae33fd3) Importer(815301076,1909f56bfc062723c751e8b465ee728b)
Start importing Assets/textures/flower lantaarnpaal_lamp_BaseMap.png using Guid(713e6ea86ee83324f8af0fa60ae33fd3) Importer(815301076,1909f56bfc062723c751e8b465ee728b)  -> (artifact id: 'b13b22dfcb996f1283c5a161859a790c') in 0.007612 seconds 
  Import took 0.010272 seconds .

========================================================================
Received Import Request.
  Time since last request: 0.000215 seconds.
  path: Assets/TerrainTexturesPackFree/TerrainTextures/GrassUV02_N.png
  artifactKey: Guid(db6b5112f8b3bcf478707e82ef048e88) Importer(815301076,1909f56bfc062723c751e8b465ee728b)
Start importing Assets/TerrainTexturesPackFree/TerrainTextures/GrassUV02_N.png using Guid(db6b5112f8b3bcf478707e82ef048e88) Importer(815301076,1909f56bfc062723c751e8b465ee728b)  -> (artifact id: 'c8381b3cbd5824642de7653efa0a86a9') in 0.063254 seconds 
  Import took 0.070579 seconds .

========================================================================
Received Import Request.
  Time since last request: 0.000223 seconds.
  path: Assets/Plugins/FMOD/images/DiscreteParameterIcon.png
  artifactKey: Guid(509563e7079a6ed4cbf3b3240327e702) Importer(815301076,1909f56bfc062723c751e8b465ee728b)
Start importing Assets/Plugins/FMOD/images/DiscreteParameterIcon.png using Guid(509563e7079a6ed4cbf3b3240327e702) Importer(815301076,1909f56bfc062723c751e8b465ee728b)  -> (artifact id: '14edff32e1c16f38845cdc13a370b667') in 0.005703 seconds 
  Import took 0.008681 seconds .

========================================================================
Received Import Request.
  Time since last request: 0.000199 seconds.
  path: Assets/textures/flower lantaarnpaal_polySurface4_BaseMap.png
  artifactKey: Guid(e8fca1743b56275498ea713112ca5bb1) Importer(815301076,1909f56bfc062723c751e8b465ee728b)
Start importing Assets/textures/flower lantaarnpaal_polySurface4_BaseMap.png using Guid(e8fca1743b56275498ea713112ca5bb1) Importer(815301076,1909f56bfc062723c751e8b465ee728b)  -> (artifact id: '8a0bf97b6692984207c712be4309763e') in 0.007624 seconds 
  Import took 0.010313 seconds .

========================================================================
Received Import Request.
  Time since last request: 0.000229 seconds.
  path: Assets/textures/flower lantaarnpaal_lamp_MaskMap.png
  artifactKey: Guid(464e144571dad2947b4bba180481804b) Importer(815301076,1909f56bfc062723c751e8b465ee728b)
Start importing Assets/textures/flower lantaarnpaal_lamp_MaskMap.png using Guid(464e144571dad2947b4bba180481804b) Importer(815301076,1909f56bfc062723c751e8b465ee728b)  -> (artifact id: '13f6f093179b534c157ddfc98b1a1381') in 0.008202 seconds 
  Import took 0.010950 seconds .

========================================================================
Received Import Request.
  Time since last request: 0.000202 seconds.
  path: Assets/TerrainTexturesPackFree/TerrainTextures/GroundCracked01_N.png
  artifactKey: Guid(9511ab33cd5f6724f8c31c380a4814af) Importer(815301076,1909f56bfc062723c751e8b465ee728b)
Start importing Assets/TerrainTexturesPackFree/TerrainTextures/GroundCracked01_N.png using Guid(9511ab33cd5f6724f8c31c380a4814af) Importer(815301076,1909f56bfc062723c751e8b465ee728b)  -> (artifact id: 'c32941ea52f8716e0fe1a34495de9a1b') in 0.008477 seconds 
  Import took 0.011586 seconds .

========================================================================
Received Import Request.
  Time since last request: 0.000202 seconds.
  path: Assets/Plugins/FMOD/images/Border.png
  artifactKey: Guid(40848578d1961334d820821bec6175a4) Importer(815301076,1909f56bfc062723c751e8b465ee728b)
Start importing Assets/Plugins/FMOD/images/Border.png using Guid(40848578d1961334d820821bec6175a4) Importer(815301076,1909f56bfc062723c751e8b465ee728b)  -> (artifact id: 'de5ed7328159594ca12da8b92650724d') in 0.006738 seconds 
  Import took 0.009724 seconds .

========================================================================
Received Import Request.
  Time since last request: 0.000223 seconds.
  path: Assets/Plugins/FMOD/images/FMODLogoBlack.png
  artifactKey: Guid(36e46b3c334e47e41a0b4ff2f26905ea) Importer(815301076,1909f56bfc062723c751e8b465ee728b)
Start importing Assets/Plugins/FMOD/images/FMODLogoBlack.png using Guid(36e46b3c334e47e41a0b4ff2f26905ea) Importer(815301076,1909f56bfc062723c751e8b465ee728b)  -> (artifact id: 'bec20849ec9fb4a233532f7dd7b08651') in 0.007491 seconds 
  Import took 0.011102 seconds .

========================================================================
Received Import Request.
  Time since last request: 0.000213 seconds.
  path: Assets/textures/flower lantaarnpaal_lamp_Normal.png
  artifactKey: Guid(249a597c299026741b42c2d575f61f06) Importer(815301076,1909f56bfc062723c751e8b465ee728b)
Start importing Assets/textures/flower lantaarnpaal_lamp_Normal.png using Guid(249a597c299026741b42c2d575f61f06) Importer(815301076,1909f56bfc062723c751e8b465ee728b)  -> (artifact id: '012f958ba2757a23fa31c1fcf9dc745c') in 0.008021 seconds 
  Import took 0.011067 seconds .

========================================================================
Received Import Request.
  Time since last request: 0.000226 seconds.
  path: Assets/textures/greenhouse zbrush_border_BaseMap.png
  artifactKey: Guid(91865b02a89f0384e92a8cf6717bfaf3) Importer(815301076,1909f56bfc062723c751e8b465ee728b)
Start importing Assets/textures/greenhouse zbrush_border_BaseMap.png using Guid(91865b02a89f0384e92a8cf6717bfaf3) Importer(815301076,1909f56bfc062723c751e8b465ee728b)  -> (artifact id: '6d9a837ec257df0a0f98c12b5294a1cb') in 0.011250 seconds 
  Import took 0.014193 seconds .

========================================================================
Received Import Request.
  Time since last request: 0.000215 seconds.
  path: Assets/Plugins/FMOD/images/EventIcon.png
  artifactKey: Guid(a602f206f9cb31f439c79a2fe23687c5) Importer(815301076,1909f56bfc062723c751e8b465ee728b)
Start importing Assets/Plugins/FMOD/images/EventIcon.png using Guid(a602f206f9cb31f439c79a2fe23687c5) Importer(815301076,1909f56bfc062723c751e8b465ee728b)  -> (artifact id: '7d109c93dbe3905ad24b221806fc0b38') in 0.006496 seconds 
  Import took 0.009327 seconds .

========================================================================
Received Import Request.
  Time since last request: 0.000192 seconds.
  path: Assets/Plugins/FMOD/images/BankIcon.png
  artifactKey: Guid(a7e06068a7215854a84bf5ed8280ed15) Importer(815301076,1909f56bfc062723c751e8b465ee728b)
Start importing Assets/Plugins/FMOD/images/BankIcon.png using Guid(a7e06068a7215854a84bf5ed8280ed15) Importer(815301076,1909f56bfc062723c751e8b465ee728b)  -> (artifact id: '998f57fca9f27d6153328f4f656ffb9f') in 0.006418 seconds 
  Import took 0.009387 seconds .

========================================================================
Received Import Request.
  Time since last request: 0.000183 seconds.
  path: Assets/TerrainTexturesPackFree/TerrainTextures/GroundStones01.png
  artifactKey: Guid(17405fba9d20b47408239b3e82d60232) Importer(815301076,1909f56bfc062723c751e8b465ee728b)
Start importing Assets/TerrainTexturesPackFree/TerrainTextures/GroundStones01.png using Guid(17405fba9d20b47408239b3e82d60232) Importer(815301076,1909f56bfc062723c751e8b465ee728b)  -> (artifact id: '2cddc8082f555ca9f7c40e4fda2dde20') in 0.017791 seconds 
  Import took 0.021565 seconds .

========================================================================
Received Import Request.
  Time since last request: 0.000214 seconds.
  path: Assets/Plugins/FMOD/images/ArrowIcon.png
  artifactKey: Guid(01c0101f357b9da4ba78b8f58c290f86) Importer(815301076,1909f56bfc062723c751e8b465ee728b)
Start importing Assets/Plugins/FMOD/images/ArrowIcon.png using Guid(01c0101f357b9da4ba78b8f58c290f86) Importer(815301076,1909f56bfc062723c751e8b465ee728b)  -> (artifact id: '71c6111ae9ddd686f7b7e2bd24c80463') in 0.006045 seconds 
  Import took 0.008609 seconds .

========================================================================
Received Import Request.
  Time since last request: 0.000194 seconds.
  path: Assets/Plugins/FMOD/images/ContinuousParameterIcon.png
  artifactKey: Guid(b92803770616fc747bc3c40ffaec0a42) Importer(815301076,1909f56bfc062723c751e8b465ee728b)
Start importing Assets/Plugins/FMOD/images/ContinuousParameterIcon.png using Guid(b92803770616fc747bc3c40ffaec0a42) Importer(815301076,1909f56bfc062723c751e8b465ee728b)  -> (artifact id: '05ac8c54ea5a2e502a4275b81abc936f') in 0.005928 seconds 
  Import took 0.008870 seconds .

========================================================================
Received Import Request.
  Time since last request: 0.000212 seconds.
  path: Assets/textures/flower lantaarnpaal_polySurface4_MaskMap.png
  artifactKey: Guid(070e810c5f8847443b15a2efb6e7dc66) Importer(815301076,1909f56bfc062723c751e8b465ee728b)
Start importing Assets/textures/flower lantaarnpaal_polySurface4_MaskMap.png using Guid(070e810c5f8847443b15a2efb6e7dc66) Importer(815301076,1909f56bfc062723c751e8b465ee728b)  -> (artifact id: 'f121c41414e01b2841bfa446c962f784') in 0.008952 seconds 
  Import took 0.011460 seconds .

========================================================================
Received Import Request.
  Time since last request: 0.000215 seconds.
  path: Assets/Plugins/FMOD/images/CrossYellow.png
  artifactKey: Guid(348d2265b48c67342a4db2a7062813fa) Importer(815301076,1909f56bfc062723c751e8b465ee728b)
Start importing Assets/Plugins/FMOD/images/CrossYellow.png using Guid(348d2265b48c67342a4db2a7062813fa) Importer(815301076,1909f56bfc062723c751e8b465ee728b)  -> (artifact id: '42f369b4b216edbe7ccce65e3a1ecf12') in 0.007867 seconds 
  Import took 0.011220 seconds .

========================================================================
Received Import Request.
  Time since last request: 0.000219 seconds.
  path: Assets/textures/greenhouse zbrush_border_MaskMap.png
  artifactKey: Guid(e1e9851bfd817554a96925f4f3fda89e) Importer(815301076,1909f56bfc062723c751e8b465ee728b)
Start importing Assets/textures/greenhouse zbrush_border_MaskMap.png using Guid(e1e9851bfd817554a96925f4f3fda89e) Importer(815301076,1909f56bfc062723c751e8b465ee728b)  -> (artifact id: '784c4dee6658132b5d2c10df74599f62') in 0.014481 seconds 
  Import took 0.016952 seconds .

========================================================================
Received Import Request.
  Time since last request: 0.000206 seconds.
  path: Assets/Plugins/FMOD/images/Delete.png
  artifactKey: Guid(196080340db65c44883dd3f599556fb9) Importer(815301076,1909f56bfc062723c751e8b465ee728b)
Start importing Assets/Plugins/FMOD/images/Delete.png using Guid(196080340db65c44883dd3f599556fb9) Importer(815301076,1909f56bfc062723c751e8b465ee728b)  -> (artifact id: '4f5a2e06d90f04943850a180d2fed377') in 0.006455 seconds 
  Import took 0.009705 seconds .

========================================================================
Received Import Request.
  Time since last request: 0.000211 seconds.
  path: Assets/Plugins/FMOD/images/FolderIconOpen.png
  artifactKey: Guid(d2b54e4f7f80b9448a41d3c5985f5672) Importer(815301076,1909f56bfc062723c751e8b465ee728b)
Start importing Assets/Plugins/FMOD/images/FolderIconOpen.png using Guid(d2b54e4f7f80b9448a41d3c5985f5672) Importer(815301076,1909f56bfc062723c751e8b465ee728b)  -> (artifact id: '9e408e322ee7db1120b2540f35332f2d') in 0.006400 seconds 
  Import took 0.009747 seconds .

========================================================================
Received Import Request.
  Time since last request: 0.000198 seconds.
  path: Assets/TerrainTexturesPackFree/TerrainTextures/GrassUV01.png
  artifactKey: Guid(94e5dd2784ae3a44a930dba86cba9f6e) Importer(815301076,1909f56bfc062723c751e8b465ee728b)
Start importing Assets/TerrainTexturesPackFree/TerrainTextures/GrassUV01.png using Guid(94e5dd2784ae3a44a930dba86cba9f6e) Importer(815301076,1909f56bfc062723c751e8b465ee728b)  -> (artifact id: 'e2f4741a12ee14f936987183ea56cff9') in 0.036306 seconds 
  Import took 0.041458 seconds .

========================================================================
Received Import Request.
  Time since last request: 0.000200 seconds.
  path: Assets/TerrainTexturesPackFree/TerrainTextures/GroundDryLeaves01.png
  artifactKey: Guid(3f893818068c13c498261af150bea6f3) Importer(815301076,1909f56bfc062723c751e8b465ee728b)
Start importing Assets/TerrainTexturesPackFree/TerrainTextures/GroundDryLeaves01.png using Guid(3f893818068c13c498261af150bea6f3) Importer(815301076,1909f56bfc062723c751e8b465ee728b)  -> (artifact id: 'c0883dc0bedcf2c962830a23b69e8246') in 0.018954 seconds 
  Import took 0.022947 seconds .

========================================================================
Received Import Request.
  Time since last request: 0.000225 seconds.
  path: Assets/textures/greenhouse zbrush_border_Normal.png
  artifactKey: Guid(f5821f39b0c76ba458bcb6d3958a8666) Importer(815301076,1909f56bfc062723c751e8b465ee728b)
Start importing Assets/textures/greenhouse zbrush_border_Normal.png using Guid(f5821f39b0c76ba458bcb6d3958a8666) Importer(815301076,1909f56bfc062723c751e8b465ee728b)  -> (artifact id: '70e67c1b548110091f1cf8117d987413') in 0.010441 seconds 
  Import took 0.013530 seconds .

========================================================================
Received Import Request.
  Time since last request: 0.000300 seconds.
  path: Assets/TerrainTexturesPackFree/TerrainTextures/GrassUV02.png
  artifactKey: Guid(bafadcf258df85b4686863cbaa688fba) Importer(815301076,1909f56bfc062723c751e8b465ee728b)
Start importing Assets/TerrainTexturesPackFree/TerrainTextures/GrassUV02.png using Guid(bafadcf258df85b4686863cbaa688fba) Importer(815301076,1909f56bfc062723c751e8b465ee728b)  -> (artifact id: '4c7e21296c3e89f894c750713b13b6f2') in 0.029025 seconds 
  Import took 0.034370 seconds .

========================================================================
Received Import Request.
  Time since last request: 0.000219 seconds.
  path: Assets/TerrainTexturesPackFree/TerrainTextures/GroundDryLeaves01_N.png
  artifactKey: Guid(e39dfb80d9815f14da82c65960519b23) Importer(815301076,1909f56bfc062723c751e8b465ee728b)
Start importing Assets/TerrainTexturesPackFree/TerrainTextures/GroundDryLeaves01_N.png using Guid(e39dfb80d9815f14da82c65960519b23) Importer(815301076,1909f56bfc062723c751e8b465ee728b)  -> (artifact id: '8b362de86098ed3b2fbc3f36d7dd8d62') in 0.019213 seconds 
  Import took 0.022947 seconds .

========================================================================
Received Import Request.
  Time since last request: 0.000224 seconds.
  path: Assets/Plugins/FMOD/images/FMODLogoWhite.png
  artifactKey: Guid(8fd8ccb8d7e81d943b28ea7975c7185d) Importer(815301076,1909f56bfc062723c751e8b465ee728b)
Start importing Assets/Plugins/FMOD/images/FMODLogoWhite.png using Guid(8fd8ccb8d7e81d943b28ea7975c7185d) Importer(815301076,1909f56bfc062723c751e8b465ee728b)  -> (artifact id: 'b392102e876f453a493c18cb0b1b7d3f') in 0.005931 seconds 
  Import took 0.008606 seconds .

========================================================================
Received Import Request.
  Time since last request: 0.000218 seconds.
  path: Assets/TerrainTexturesPackFree/TerrainTextures/GrassUV01_N.png
  artifactKey: Guid(77f758ad16f6580469ca8f42205f7b78) Importer(815301076,1909f56bfc062723c751e8b465ee728b)
Start importing Assets/TerrainTexturesPackFree/TerrainTextures/GrassUV01_N.png using Guid(77f758ad16f6580469ca8f42205f7b78) Importer(815301076,1909f56bfc062723c751e8b465ee728b)  -> (artifact id: '2beecf5942360a78c459e7af542b6147') in 0.051326 seconds 
  Import took 0.058894 seconds .

========================================================================
Received Import Request.
  Time since last request: 47.948261 seconds.
  path: Assets/Thirdparty/Ciathyza/Gridbox Prototype Materials/Textures/prototype_512x512_green1.png
  artifactKey: Guid(4967dfcee94bddd4ba1430cb6fa1f304) Importer(815301076,1909f56bfc062723c751e8b465ee728b)
Start importing Assets/Thirdparty/Ciathyza/Gridbox Prototype Materials/Textures/prototype_512x512_green1.png using Guid(4967dfcee94bddd4ba1430cb6fa1f304) Importer(815301076,1909f56bfc062723c751e8b465ee728b)  -> (artifact id: '46dc5f27dd724313850eb6c488259fe4') in 0.008325 seconds 
  Import took 0.011629 seconds .

========================================================================
Received Import Request.
  Time since last request: 0.000227 seconds.
  path: Assets/Plugins/FMOD/images/TickGreen.png
  artifactKey: Guid(27533226416c4f549b9bec9c024100f7) Importer(815301076,1909f56bfc062723c751e8b465ee728b)
Start importing Assets/Plugins/FMOD/images/TickGreen.png using Guid(27533226416c4f549b9bec9c024100f7) Importer(815301076,1909f56bfc062723c751e8b465ee728b)  -> (artifact id: 'bc17bf2c0b1bc70fb598164a2eb0dda4') in 0.005789 seconds 
  Import took 0.008689 seconds .

========================================================================
Received Import Request.
  Time since last request: 0.000210 seconds.
  path: Assets/Thirdparty/Ciathyza/Gridbox Prototype Materials/Textures/prototype_512x512_grey1.png
  artifactKey: Guid(dd29f35641da38647a1eeb1028211f1a) Importer(815301076,1909f56bfc062723c751e8b465ee728b)
Start importing Assets/Thirdparty/Ciathyza/Gridbox Prototype Materials/Textures/prototype_512x512_grey1.png using Guid(dd29f35641da38647a1eeb1028211f1a) Importer(815301076,1909f56bfc062723c751e8b465ee728b)  -> (artifact id: '30d613b6dba4f2e14445c37983bf8d47') in 0.007630 seconds 
  Import took 0.010434 seconds .

========================================================================
Received Import Request.
  Time since last request: 0.000193 seconds.
  path: Assets/Thirdparty/Ciathyza/Gridbox Prototype Materials/Textures/prototype_512x512_green2.png
  artifactKey: Guid(382df89af99b9f2459dd19206e68a63d) Importer(815301076,1909f56bfc062723c751e8b465ee728b)
Start importing Assets/Thirdparty/Ciathyza/Gridbox Prototype Materials/Textures/prototype_512x512_green2.png using Guid(382df89af99b9f2459dd19206e68a63d) Importer(815301076,1909f56bfc062723c751e8b465ee728b)  -> (artifact id: 'eb85e051ab562340ef699b51fb7cdad8') in 0.008238 seconds 
  Import took 0.011474 seconds .

========================================================================
Received Import Request.
  Time since last request: 0.000228 seconds.
  path: Assets/Thirdparty/Ciathyza/Gridbox Prototype Materials/Textures/prototype_512x512_green3.png
  artifactKey: Guid(988b6610bda0aca4286aff060b8d16b8) Importer(815301076,1909f56bfc062723c751e8b465ee728b)
Start importing Assets/Thirdparty/Ciathyza/Gridbox Prototype Materials/Textures/prototype_512x512_green3.png using Guid(988b6610bda0aca4286aff060b8d16b8) Importer(815301076,1909f56bfc062723c751e8b465ee728b)  -> (artifact id: '934edefc156bd3b622926135afd9b126') in 0.008334 seconds 
  Import took 0.010932 seconds .

========================================================================
Received Import Request.
  Time since last request: 0.000253 seconds.
  path: Assets/Thirdparty/Ciathyza/Gridbox Prototype Materials/Textures/prototype_512x512_grey2.png
  artifactKey: Guid(37920ac3813690349a856bbe19a86e2b) Importer(815301076,1909f56bfc062723c751e8b465ee728b)
Start importing Assets/Thirdparty/Ciathyza/Gridbox Prototype Materials/Textures/prototype_512x512_grey2.png using Guid(37920ac3813690349a856bbe19a86e2b) Importer(815301076,1909f56bfc062723c751e8b465ee728b)  -> (artifact id: 'a99616b7e52d408c58e3f0aaedd9f765') in 0.009528 seconds 
  Import took 0.012656 seconds .

========================================================================
Received Import Request.
  Time since last request: 0.000180 seconds.
  path: Assets/Thirdparty/Ciathyza/Gridbox Prototype Materials/Textures/prototype_512x512_grey3.png
  artifactKey: Guid(d9c0dd5cdac07b145be73329e489869a) Importer(815301076,1909f56bfc062723c751e8b465ee728b)
Start importing Assets/Thirdparty/Ciathyza/Gridbox Prototype Materials/Textures/prototype_512x512_grey3.png using Guid(d9c0dd5cdac07b145be73329e489869a) Importer(815301076,1909f56bfc062723c751e8b465ee728b)  -> (artifact id: '3c5f3964920a733e513029adf05db4f8') in 0.008991 seconds 
  Import took 0.011916 seconds .

========================================================================
Received Import Request.
  Time since last request: 0.000202 seconds.
  path: Assets/Thirdparty/Ciathyza/Gridbox Prototype Materials/Textures/prototype_512x512_grey4.png
  artifactKey: Guid(ed0c2c8a99e92e14ba740ac8aa428288) Importer(815301076,1909f56bfc062723c751e8b465ee728b)
Start importing Assets/Thirdparty/Ciathyza/Gridbox Prototype Materials/Textures/prototype_512x512_grey4.png using Guid(ed0c2c8a99e92e14ba740ac8aa428288) Importer(815301076,1909f56bfc062723c751e8b465ee728b)  -> (artifact id: 'ee867772c23c293c65da1d4ee75a2841') in 0.007769 seconds 
  Import took 0.010574 seconds .

========================================================================
Received Import Request.
  Time since last request: 33.387766 seconds.
  path: Assets/Jammo-Character/Scenes/JammoScene/Lightmap-0_comp_dir.png
  artifactKey: Guid(1f459961796ed6d458fdfac6e2764b77) Importer(815301076,1909f56bfc062723c751e8b465ee728b)
Start importing Assets/Jammo-Character/Scenes/JammoScene/Lightmap-0_comp_dir.png using Guid(1f459961796ed6d458fdfac6e2764b77) Importer(815301076,1909f56bfc062723c751e8b465ee728b)  -> (artifact id: '90f9051681936a50bdb8265f120c3157') in 0.013806 seconds 
  Import took 0.016724 seconds .

========================================================================
Received Import Request.
  Time since last request: 0.000248 seconds.
  path: Assets/textures/stoeptegel_lambert1_MaskMap.png
  artifactKey: Guid(628d24ed59a47c949a80639b83259f20) Importer(815301076,1909f56bfc062723c751e8b465ee728b)
Start importing Assets/textures/stoeptegel_lambert1_MaskMap.png using Guid(628d24ed59a47c949a80639b83259f20) Importer(815301076,1909f56bfc062723c751e8b465ee728b)  -> (artifact id: 'fcf3ed01a37c32e35e362b35e614e626') in 0.008746 seconds 
  Import took 0.012198 seconds .

========================================================================
Received Import Request.
  Time since last request: 0.000214 seconds.
  path: Assets/Thirdparty/Ciathyza/Gridbox Prototype Materials/Textures/prototype_512x512_magenta.png
  artifactKey: Guid(81c078e07a3828a42885510e3d5369a9) Importer(815301076,1909f56bfc062723c751e8b465ee728b)
Start importing Assets/Thirdparty/Ciathyza/Gridbox Prototype Materials/Textures/prototype_512x512_magenta.png using Guid(81c078e07a3828a42885510e3d5369a9) Importer(815301076,1909f56bfc062723c751e8b465ee728b)  -> (artifact id: '971a078cc6af96a4daf0535b40972db3') in 0.007560 seconds 
  Import took 0.010385 seconds .

========================================================================
Received Import Request.
  Time since last request: 0.000201 seconds.
  path: Assets/Jammo-Character/Scenes/JammoScene/Lightmap-1_comp_shadowmask.png
  artifactKey: Guid(e5520d6b2a099ee47b4e7550d2b31745) Importer(815301076,1909f56bfc062723c751e8b465ee728b)
Start importing Assets/Jammo-Character/Scenes/JammoScene/Lightmap-1_comp_shadowmask.png using Guid(e5520d6b2a099ee47b4e7550d2b31745) Importer(815301076,1909f56bfc062723c751e8b465ee728b)  -> (artifact id: '8bc1f50307d41d60dce3afd60b258fb9') in 0.014257 seconds 
  Import took 0.017093 seconds .

========================================================================
Received Import Request.
  Time since last request: 0.000228 seconds.
  path: Assets/Jammo-Character/Scenes/JammoScene/Lightmap-0_comp_light.exr
  artifactKey: Guid(845403108a978e0439af5ff7d2994c5e) Importer(815301076,1909f56bfc062723c751e8b465ee728b)
Start importing Assets/Jammo-Character/Scenes/JammoScene/Lightmap-0_comp_light.exr using Guid(845403108a978e0439af5ff7d2994c5e) Importer(815301076,1909f56bfc062723c751e8b465ee728b)  -> (artifact id: '88954706104bd9616436f97f626fae60') in 0.048066 seconds 
  Import took 0.051281 seconds .

========================================================================
Received Import Request.
  Time since last request: 0.000200 seconds.
  path: Assets/Thirdparty/Ciathyza/Gridbox Prototype Materials/Textures/prototype_512x512_orange.png
  artifactKey: Guid(fe3e0a556829be24bb87c912d79e872d) Importer(815301076,1909f56bfc062723c751e8b465ee728b)
Start importing Assets/Thirdparty/Ciathyza/Gridbox Prototype Materials/Textures/prototype_512x512_orange.png using Guid(fe3e0a556829be24bb87c912d79e872d) Importer(815301076,1909f56bfc062723c751e8b465ee728b)  -> (artifact id: 'f5c8d5c19011b9a909d7fe8699a81750') in 0.007503 seconds 
  Import took 0.010622 seconds .

========================================================================
Received Import Request.
  Time since last request: 0.000238 seconds.
  path: Assets/Jammo-Character/Scenes/JammoScene/Lightmap-0_comp_shadowmask.png
  artifactKey: Guid(1797b30b72146d449b213541f92310ec) Importer(815301076,1909f56bfc062723c751e8b465ee728b)
Start importing Assets/Jammo-Character/Scenes/JammoScene/Lightmap-0_comp_shadowmask.png using Guid(1797b30b72146d449b213541f92310ec) Importer(815301076,1909f56bfc062723c751e8b465ee728b)  -> (artifact id: '4a69f328fddd58db39a1e27ff501d80c') in 0.013660 seconds 
  Import took 0.016558 seconds .

========================================================================
Received Import Request.
  Time since last request: 0.000216 seconds.
  path: Assets/textures/stoeptegel_lambert1_BaseMap.png
  artifactKey: Guid(4b68e94a76036c945b2d088d8caa5089) Importer(815301076,1909f56bfc062723c751e8b465ee728b)
Start importing Assets/textures/stoeptegel_lambert1_BaseMap.png using Guid(4b68e94a76036c945b2d088d8caa5089) Importer(815301076,1909f56bfc062723c751e8b465ee728b)  -> (artifact id: 'af49e0bd0215d101e82a6d18bef64fc4') in 0.007381 seconds 
  Import took 0.009896 seconds .

========================================================================
Received Import Request.
  Time since last request: 0.000221 seconds.
  path: Assets/Sherbbs Particle Collection/Textures/WhiteToNothing.png
  artifactKey: Guid(5a46793f22d5f5b43810d1cd13f51e13) Importer(815301076,1909f56bfc062723c751e8b465ee728b)
Start importing Assets/Sherbbs Particle Collection/Textures/WhiteToNothing.png using Guid(5a46793f22d5f5b43810d1cd13f51e13) Importer(815301076,1909f56bfc062723c751e8b465ee728b)  -> (artifact id: '06f4e91ebcaff5ddb5360249f7e24c68') in 0.007951 seconds 
  Import took 0.010937 seconds .

========================================================================
Received Import Request.
  Time since last request: 0.000210 seconds.
  path: Assets/textures/stoeptegel_lambert1_Normal.png
  artifactKey: Guid(e8c8d2ec5d78a0442866933ab76ee28f) Importer(815301076,1909f56bfc062723c751e8b465ee728b)
Start importing Assets/textures/stoeptegel_lambert1_Normal.png using Guid(e8c8d2ec5d78a0442866933ab76ee28f) Importer(815301076,1909f56bfc062723c751e8b465ee728b)  -> (artifact id: '90166e8caa8c2222b81c5248fafc1288') in 0.008377 seconds 
  Import took 0.011475 seconds .

========================================================================
Received Import Request.
  Time since last request: 0.000212 seconds.
  path: Assets/Jammo-Character/Scenes/JammoScene/Lightmap-1_comp_dir.png
  artifactKey: Guid(c27f1f6fcc4d68c458375c9577b06998) Importer(815301076,1909f56bfc062723c751e8b465ee728b)
Start importing Assets/Jammo-Character/Scenes/JammoScene/Lightmap-1_comp_dir.png using Guid(c27f1f6fcc4d68c458375c9577b06998) Importer(815301076,1909f56bfc062723c751e8b465ee728b)  -> (artifact id: 'e304592bb6330d3b857f14196fcecb42') in 0.014374 seconds 
  Import took 0.017297 seconds .

========================================================================
Received Import Request.
  Time since last request: 0.000194 seconds.
  path: Assets/Jammo-Character/Scenes/JammoScene/Lightmap-1_comp_light.exr
  artifactKey: Guid(5d843664aea533c48b9546ed546bc088) Importer(815301076,1909f56bfc062723c751e8b465ee728b)
Start importing Assets/Jammo-Character/Scenes/JammoScene/Lightmap-1_comp_light.exr using Guid(5d843664aea533c48b9546ed546bc088) Importer(815301076,1909f56bfc062723c751e8b465ee728b)  -> (artifact id: '6bf86b73f607d65a789543b401487413') in 0.019591 seconds 
  Import took 0.022578 seconds .

========================================================================
Received Import Request.
  Time since last request: 703.154248 seconds.
  path: Assets/Scripts
  artifactKey: Guid(7f4d7a906a18c9d46b9a64ea0def5be9) Importer(815301076,1909f56bfc062723c751e8b465ee728b)
Start importing Assets/Scripts using Guid(7f4d7a906a18c9d46b9a64ea0def5be9) Importer(815301076,1909f56bfc062723c751e8b465ee728b)  -> (artifact id: 'cd51d1c7d81fef3a6f43f1236e3734ca') in 0.002106 seconds 
  Import took 0.005625 seconds .

========================================================================
Received Import Request.
  Time since last request: 13.232998 seconds.
  path: Assets
  artifactKey: Guid(00000000000000001000000000000000) Importer(815301076,1909f56bfc062723c751e8b465ee728b)
Start importing Assets using Guid(00000000000000001000000000000000) Importer(815301076,1909f56bfc062723c751e8b465ee728b)  -> (artifact id: '42d402b061de3733987d63b9cc3b64de') in 0.001966 seconds 
  Import took 0.004699 seconds .

========================================================================
Received Import Request.
  Time since last request: 4.234232 seconds.
  path: Assets/Materials
  artifactKey: Guid(541ab3bf89e067b43b2549d7e8dbfa4a) Importer(815301076,1909f56bfc062723c751e8b465ee728b)
Start importing Assets/Materials using Guid(541ab3bf89e067b43b2549d7e8dbfa4a) Importer(815301076,1909f56bfc062723c751e8b465ee728b)  -> (artifact id: '9d697f7fa55ae7d3a93ff71cd80ccb6b') in 0.002190 seconds 
  Import took 0.005411 seconds .

========================================================================
Received Prepare
Registering precompiled user dll's ...
Registered in 0.024540 seconds.
Begin MonoManager ReloadAssembly
Native extension for WindowsStandalone target not found
Refreshing native plugins compatible for Editor in 42.15 ms, found 5 plugins.
Preloading 0 native plugins for Editor in 0.00 ms.
Mono: successfully reloaded assembly
- Completed reload, in  1.249 seconds
Domain Reload Profiling:
	ReloadAssembly (1250ms)
		BeginReloadAssembly (178ms)
			ExecutionOrderSort (0ms)
			DisableScriptedObjects (10ms)
			BackupInstance (0ms)
			ReleaseScriptingObjects (0ms)
			CreateAndSetChildDomain (82ms)
		EndReloadAssembly (1013ms)
			LoadAssemblies (89ms)
			RebuildTransferFunctionScriptingTraits (0ms)
			SetupTypeCache (249ms)
			ReleaseScriptCaches (1ms)
			RebuildScriptCaches (38ms)
			SetupLoadedEditorAssemblies (530ms)
				LogAssemblyErrors (0ms)
				InitializePlatformSupportModulesInManaged (3ms)
				SetLoadedEditorAssemblies (0ms)
				RefreshPlugins (42ms)
				BeforeProcessingInitializeOnLoad (64ms)
				ProcessInitializeOnLoadAttributes (407ms)
				ProcessInitializeOnLoadMethodAttributes (7ms)
				AfterProcessingInitializeOnLoad (8ms)
				EditorAssembliesLoaded (0ms)
			ExecutionOrderSort2 (0ms)
			AwakeInstancesAfterBackupRestoration (5ms)
Platform modules already initialized, skipping
Refreshing native plugins compatible for Editor in 0.88 ms, found 5 plugins.
Preloading 0 native plugins for Editor in 0.00 ms.
Unloading 2177 Unused Serialized files (Serialized files now loaded: 0)
System memory in use before: 103.1 MB.
System memory in use after: 99.6 MB.

Unloading 114 unused Assets to reduce memory usage. Loaded Objects now: 2579.
Total: 3.736600 ms (FindLiveObjects: 0.209500 ms CreateObjectMapping: 0.049400 ms MarkObjects: 2.411100 ms  DeleteObjects: 1.065700 ms)

AssetImportParameters requested are different than current active one (requested -> active):
  custom:framework-win-MediaFoundation: 216162199b28c13a410421893ffa2e32 -> 
  custom:video-decoder-ogg-theora: a1e56fd34408186e4bbccfd4996cb3dc -> 
  custom:container-muxer-webm: aa71ff27fc2769a1b78a27578f13a17b -> 
  custom:container-demuxer-webm: 4f35f7cbe854078d1ac9338744f61a02 -> 
  custom:container-demuxer-ogg: 62fdf1f143b41e24485cea50d1cbac27 -> 
  custom:video-encoder-webm-vp8: eb34c28f22e8b96e1ab97ce403110664 -> 
  custom:video-decoder-webm-vp8: 9c59270c3fd7afecdb556c50c9e8de78 -> 
  custom:audio-decoder-ogg-vorbis: bf7c407c2cedff20999df2af8eb42d56 -> 
  custom:audio-encoder-webm-vorbis: bf7c407c2cedff20999df2af8eb42d56 -> 
========================================================================
Received Import Request.
  Time since last request: 6230.831285 seconds.
  path: Assets/Samples/Terrain Tools
  artifactKey: Guid(b9d7ec0d7dd3daf44be2617943adbd0b) Importer(815301076,1909f56bfc062723c751e8b465ee728b)
Start importing Assets/Samples/Terrain Tools using Guid(b9d7ec0d7dd3daf44be2617943adbd0b) Importer(815301076,1909f56bfc062723c751e8b465ee728b)  -> (artifact id: '743613e80fa2abb34cec3d398b248825') in 0.005497 seconds 
  Import took 0.008979 seconds .

========================================================================
Received Import Request.
  Time since last request: 96.991637 seconds.
  path: Assets/Samples/Terrain Tools/0.1.0-preview/Terrain Assets/TerrainBrushes/terrainstamp_ridge05.brush
  artifactKey: Guid(014d61beb3975e849b26bc42fbf17b42) Importer(815301076,1909f56bfc062723c751e8b465ee728b)
Start importing Assets/Samples/Terrain Tools/0.1.0-preview/Terrain Assets/TerrainBrushes/terrainstamp_ridge05.brush using Guid(014d61beb3975e849b26bc42fbf17b42) Importer(815301076,1909f56bfc062723c751e8b465ee728b)  -> (artifact id: 'b3a8bb44477050e16408529ee6b7cf70') in 0.094523 seconds 
  Import took 0.097383 seconds .

========================================================================
Received Import Request.
  Time since last request: 12.478677 seconds.
  path: Assets/Samples/Terrain Tools/0.1.0-preview/Terrain Assets/TerrainBrushes/terrainstamp_canyon03.brush
  artifactKey: Guid(d4e29f095247ea040aabee8a6cb3b010) Importer(815301076,1909f56bfc062723c751e8b465ee728b)
Start importing Assets/Samples/Terrain Tools/0.1.0-preview/Terrain Assets/TerrainBrushes/terrainstamp_canyon03.brush using Guid(d4e29f095247ea040aabee8a6cb3b010) Importer(815301076,1909f56bfc062723c751e8b465ee728b)  -> (artifact id: 'e7f1891df502f35399db9b3af98ad357') in 0.012822 seconds 
  Import took 0.015819 seconds .

========================================================================
Received Import Request.
  Time since last request: 27.613386 seconds.
  path: Assets/Samples/Terrain Tools/0.1.0-preview/Terrain Assets/TerrainBrushes/terrainstamp_mountain01.brush
  artifactKey: Guid(87bcc148df475664181f323cf3b45e93) Importer(815301076,1909f56bfc062723c751e8b465ee728b)
Start importing Assets/Samples/Terrain Tools/0.1.0-preview/Terrain Assets/TerrainBrushes/terrainstamp_mountain01.brush using Guid(87bcc148df475664181f323cf3b45e93) Importer(815301076,1909f56bfc062723c751e8b465ee728b)  -> (artifact id: '6ced3db4cc3cf783dcd00f598740f5c7') in 0.014824 seconds 
  Import took 0.018045 seconds .

========================================================================
Received Import Request.
  Time since last request: 419.205271 seconds.
  path: Assets/Samples/Terrain Tools/0.1.0-preview/Terrain Assets/TerrainBrushes/terrainstamp_ridge02.brush
  artifactKey: Guid(5203e2a4f3ccc3548bde5beb3ca4bdc2) Importer(815301076,1909f56bfc062723c751e8b465ee728b)
Start importing Assets/Samples/Terrain Tools/0.1.0-preview/Terrain Assets/TerrainBrushes/terrainstamp_ridge02.brush using Guid(5203e2a4f3ccc3548bde5beb3ca4bdc2) Importer(815301076,1909f56bfc062723c751e8b465ee728b)  -> (artifact id: 'b1fcfe72246a80f47ca57c5887bdd2ee') in 0.015524 seconds 
  Import took 0.019248 seconds .

========================================================================
Received Import Request.
  Time since last request: 2.657793 seconds.
  path: Assets/Samples/Terrain Tools/0.1.0-preview/Terrain Assets/TerrainBrushes/terrainstamp_mountain05.brush
  artifactKey: Guid(c18cd5b317ff2af479fe5b47336cc75c) Importer(815301076,1909f56bfc062723c751e8b465ee728b)
Start importing Assets/Samples/Terrain Tools/0.1.0-preview/Terrain Assets/TerrainBrushes/terrainstamp_mountain05.brush using Guid(c18cd5b317ff2af479fe5b47336cc75c) Importer(815301076,1909f56bfc062723c751e8b465ee728b)  -> (artifact id: '6e0b2acab0ceb637a38fe37c422dcd3f') in 0.021323 seconds 
  Import took 0.024691 seconds .

========================================================================
Received Import Request.
  Time since last request: 9.005151 seconds.
  path: Assets/Samples/Terrain Tools/0.1.0-preview/Terrain Assets/TerrainBrushes/terrainstamp_mountain06.brush
  artifactKey: Guid(1f59549ee2c7eab4d833e1b9cd1bb76b) Importer(815301076,1909f56bfc062723c751e8b465ee728b)
Start importing Assets/Samples/Terrain Tools/0.1.0-preview/Terrain Assets/TerrainBrushes/terrainstamp_mountain06.brush using Guid(1f59549ee2c7eab4d833e1b9cd1bb76b) Importer(815301076,1909f56bfc062723c751e8b465ee728b)  -> (artifact id: 'b147a1d6aaef8d127ad250b46031d8ab') in 0.011037 seconds 
  Import took 0.013866 seconds .

========================================================================
Received Import Request.
  Time since last request: 2.470320 seconds.
  path: Assets/Samples/Terrain Tools/0.1.0-preview/Terrain Assets/TerrainBrushes/terrainstamp_mountain02.brush
  artifactKey: Guid(8569f88df55a4b64b997e64b2aa69432) Importer(815301076,1909f56bfc062723c751e8b465ee728b)
Start importing Assets/Samples/Terrain Tools/0.1.0-preview/Terrain Assets/TerrainBrushes/terrainstamp_mountain02.brush using Guid(8569f88df55a4b64b997e64b2aa69432) Importer(815301076,1909f56bfc062723c751e8b465ee728b)  -> (artifact id: '079c20b57f4ef81528ea38e002b68ecf') in 0.008150 seconds 
  Import took 0.011123 seconds .

========================================================================
Received Import Request.
  Time since last request: 139.330295 seconds.
  path: Assets/Samples/Terrain Tools/0.1.0-preview/Terrain Assets/TerrainBrushes/terrainstamp_flatmountain01.brush
  artifactKey: Guid(5ca44fb774755d14f93870431e58a1e2) Importer(815301076,1909f56bfc062723c751e8b465ee728b)
Start importing Assets/Samples/Terrain Tools/0.1.0-preview/Terrain Assets/TerrainBrushes/terrainstamp_flatmountain01.brush using Guid(5ca44fb774755d14f93870431e58a1e2) Importer(815301076,1909f56bfc062723c751e8b465ee728b)  -> (artifact id: '5536a9b1f12f4ac3e0d7ad4d8debcd5d') in 0.013792 seconds 
  Import took 0.017308 seconds .

========================================================================
Received Import Request.
  Time since last request: 62.101763 seconds.
  path: Assets/Samples/Terrain Tools/0.1.0-preview/Terrain Assets/TerrainBrushes/terrainstamp_island01.brush
  artifactKey: Guid(52ed55fadd8d2b34cb0f9f08adb04a84) Importer(815301076,1909f56bfc062723c751e8b465ee728b)
Start importing Assets/Samples/Terrain Tools/0.1.0-preview/Terrain Assets/TerrainBrushes/terrainstamp_island01.brush using Guid(52ed55fadd8d2b34cb0f9f08adb04a84) Importer(815301076,1909f56bfc062723c751e8b465ee728b)  -> (artifact id: 'c1a9b201b135ade5cf267f0b0fbc9c2d') in 0.007889 seconds 
  Import took 0.011082 seconds .

========================================================================
Received Import Request.
  Time since last request: 110.033359 seconds.
  path: Assets/Samples/Terrain Tools/0.1.0-preview/Terrain Assets/TerrainBrushes/terrainstamp_plateau03.brush
  artifactKey: Guid(387141d2bd04a10459d9a306ca45434f) Importer(815301076,1909f56bfc062723c751e8b465ee728b)
Start importing Assets/Samples/Terrain Tools/0.1.0-preview/Terrain Assets/TerrainBrushes/terrainstamp_plateau03.brush using Guid(387141d2bd04a10459d9a306ca45434f) Importer(815301076,1909f56bfc062723c751e8b465ee728b)  -> (artifact id: '677f95b6c27b2309b6662ad59e419c0d') in 0.008946 seconds 
  Import took 0.012157 seconds .

========================================================================
Received Import Request.
  Time since last request: 111.004285 seconds.
  path: Assets/Samples/Terrain Tools/0.1.0-preview/Terrain Assets/TerrainBrushes/terrainstamp_erode01.brush
  artifactKey: Guid(7ee3d567366c781458dc63f069654dff) Importer(815301076,1909f56bfc062723c751e8b465ee728b)
Start importing Assets/Samples/Terrain Tools/0.1.0-preview/Terrain Assets/TerrainBrushes/terrainstamp_erode01.brush using Guid(7ee3d567366c781458dc63f069654dff) Importer(815301076,1909f56bfc062723c751e8b465ee728b)  -> (artifact id: '53717cd3a5daa14b4ad2155fc7f5d6f9') in 0.011112 seconds 
  Import took 0.014697 seconds .

========================================================================
Received Import Request.
  Time since last request: 32.391074 seconds.
  path: Assets/Samples/Terrain Tools/0.1.0-preview/Terrain Assets/TerrainBrushes/terrainstamp_canyon02.brush
  artifactKey: Guid(7ddc1e59f6e82cc4693b55b0badb4aa3) Importer(815301076,1909f56bfc062723c751e8b465ee728b)
Start importing Assets/Samples/Terrain Tools/0.1.0-preview/Terrain Assets/TerrainBrushes/terrainstamp_canyon02.brush using Guid(7ddc1e59f6e82cc4693b55b0badb4aa3) Importer(815301076,1909f56bfc062723c751e8b465ee728b)  -> (artifact id: 'e77a28b7fdc5049434fd77173bb3d63c') in 0.008014 seconds 
  Import took 0.011373 seconds .

========================================================================
Received Import Request.
  Time since last request: 224.152407 seconds.
  path: Assets/Samples/Terrain Tools/0.1.0-preview/Terrain Assets/TerrainLayers/moss.terrainlayer
  artifactKey: Guid(56b2820651de357459e8d89d2b4f3f05) Importer(815301076,1909f56bfc062723c751e8b465ee728b)
Start importing Assets/Samples/Terrain Tools/0.1.0-preview/Terrain Assets/TerrainLayers/moss.terrainlayer using Guid(56b2820651de357459e8d89d2b4f3f05) Importer(815301076,1909f56bfc062723c751e8b465ee728b)  -> (artifact id: 'fd52f63c08d34910ec8ab6035ba689e3') in 0.020773 seconds 
  Import took 0.023896 seconds .

========================================================================
Received Import Request.
  Time since last request: 0.000203 seconds.
  path: Assets/Samples/Terrain Tools/0.1.0-preview/Terrain Assets/TerrainTextures/moss_mask.tif
  artifactKey: Guid(ff77b812a1621e74694371cb173618ef) Importer(815301076,1909f56bfc062723c751e8b465ee728b)
Start importing Assets/Samples/Terrain Tools/0.1.0-preview/Terrain Assets/TerrainTextures/moss_mask.tif using Guid(ff77b812a1621e74694371cb173618ef) Importer(815301076,1909f56bfc062723c751e8b465ee728b)  -> (artifact id: '0afa759cbcf8325af2c238b097117e52') in 0.015991 seconds 
  Import took 0.018952 seconds .

========================================================================
Received Import Request.
  Time since last request: 0.000234 seconds.
  path: Assets/Samples/Terrain Tools/0.1.0-preview/Terrain Assets/TerrainTextures/moss_normal.tif
  artifactKey: Guid(67a70a78d678fb649b5c703cd7dc85c1) Importer(815301076,1909f56bfc062723c751e8b465ee728b)
Start importing Assets/Samples/Terrain Tools/0.1.0-preview/Terrain Assets/TerrainTextures/moss_normal.tif using Guid(67a70a78d678fb649b5c703cd7dc85c1) Importer(815301076,1909f56bfc062723c751e8b465ee728b)  -> (artifact id: 'a6256ce5f768699838c575292b3af463') in 0.008855 seconds 
  Import took 0.011727 seconds .

========================================================================
Received Import Request.
  Time since last request: 0.000211 seconds.
  path: Assets/Samples/Terrain Tools/0.1.0-preview/Terrain Assets/TerrainTextures/moss_albedo.tif
  artifactKey: Guid(43b54d39e0a4c4d47bef645abec127f1) Importer(815301076,1909f56bfc062723c751e8b465ee728b)
Start importing Assets/Samples/Terrain Tools/0.1.0-preview/Terrain Assets/TerrainTextures/moss_albedo.tif using Guid(43b54d39e0a4c4d47bef645abec127f1) Importer(815301076,1909f56bfc062723c751e8b465ee728b)  -> (artifact id: '19ac9f3d0f056fe387986a04b4767f66') in 0.009702 seconds 
  Import took 0.012795 seconds .

========================================================================
Received Import Request.
  Time since last request: 226.054703 seconds.
  path: Assets/Samples/Terrain Tools/0.1.0-preview/Terrain Assets/BrushTextures/flat_mountain01.tif
  artifactKey: Guid(d2a704d1b2d8ad948aab36a028a684b5) Importer(815301076,1909f56bfc062723c751e8b465ee728b)
Start importing Assets/Samples/Terrain Tools/0.1.0-preview/Terrain Assets/BrushTextures/flat_mountain01.tif using Guid(d2a704d1b2d8ad948aab36a028a684b5) Importer(815301076,1909f56bfc062723c751e8b465ee728b)  -> (artifact id: '05a10b5f7a37b16c43c2dc3d34c56d65') in 0.012231 seconds 
  Import took 0.015810 seconds .

========================================================================
Received Import Request.
  Time since last request: 28.084537 seconds.
  path: Assets/Samples/Terrain Tools/0.1.0-preview/Terrain Assets/TerrainLayers/dirt.terrainlayer
  artifactKey: Guid(c25f012d8eaba684b9a392d71f427372) Importer(815301076,1909f56bfc062723c751e8b465ee728b)
Start importing Assets/Samples/Terrain Tools/0.1.0-preview/Terrain Assets/TerrainLayers/dirt.terrainlayer using Guid(c25f012d8eaba684b9a392d71f427372) Importer(815301076,1909f56bfc062723c751e8b465ee728b)  -> (artifact id: '466271538b205e4ef84bcf6faeae064c') in 0.008857 seconds 
  Import took 0.011967 seconds .

========================================================================
Received Import Request.
  Time since last request: 0.000166 seconds.
  path: Assets/NewLayer.terrainlayer
  artifactKey: Guid(dccdfacc4d11247449681336790dc10d) Importer(815301076,1909f56bfc062723c751e8b465ee728b)
Start importing Assets/NewLayer.terrainlayer using Guid(dccdfacc4d11247449681336790dc10d) Importer(815301076,1909f56bfc062723c751e8b465ee728b)  -> (artifact id: '8ff623860e1a4c5e0022acc34e6edbc2') in 0.071014 seconds 
  Import took 0.075947 seconds .

========================================================================
Received Import Request.
  Time since last request: 0.000206 seconds.
  path: Assets/Samples/Terrain Tools/0.1.0-preview/Terrain Assets/TerrainLayers/scree.terrainlayer
  artifactKey: Guid(6a3097ee6a39c594e8c63dae726b2278) Importer(815301076,1909f56bfc062723c751e8b465ee728b)
Start importing Assets/Samples/Terrain Tools/0.1.0-preview/Terrain Assets/TerrainLayers/scree.terrainlayer using Guid(6a3097ee6a39c594e8c63dae726b2278) Importer(815301076,1909f56bfc062723c751e8b465ee728b)  -> (artifact id: '602c901dd3ae23f9e448d6a8ca5cc317') in 0.008277 seconds 
  Import took 0.011399 seconds .

========================================================================
Received Import Request.
  Time since last request: 0.000279 seconds.
  path: Assets/NewLayer 1.terrainlayer
  artifactKey: Guid(2ff23ad8c81f3794ebd85930c97dc808) Importer(815301076,1909f56bfc062723c751e8b465ee728b)
Start importing Assets/NewLayer 1.terrainlayer using Guid(2ff23ad8c81f3794ebd85930c97dc808) Importer(815301076,1909f56bfc062723c751e8b465ee728b)  -> (artifact id: '5f65190de2553749ce16c823579a282a') in 0.070330 seconds 
  Import took 0.075602 seconds .

========================================================================
Received Import Request.
  Time since last request: 0.000191 seconds.
  path: Assets/NewLayer 3.terrainlayer
  artifactKey: Guid(ab9f10aea6ad0ea4588de7bf75b0d889) Importer(815301076,1909f56bfc062723c751e8b465ee728b)
Start importing Assets/NewLayer 3.terrainlayer using Guid(ab9f10aea6ad0ea4588de7bf75b0d889) Importer(815301076,1909f56bfc062723c751e8b465ee728b)  -> (artifact id: '474cd417e0bb5f33a0f9bb7d2fe55fc7') in 0.035811 seconds 
  Import took 0.039814 seconds .

========================================================================
Received Import Request.
  Time since last request: 0.000187 seconds.
  path: Assets/Samples/Terrain Tools/0.1.0-preview/Terrain Assets/TerrainLayers/sand.terrainlayer
  artifactKey: Guid(aa7afa2eb72909e4d8083508573d955f) Importer(815301076,1909f56bfc062723c751e8b465ee728b)
Start importing Assets/Samples/Terrain Tools/0.1.0-preview/Terrain Assets/TerrainLayers/sand.terrainlayer using Guid(aa7afa2eb72909e4d8083508573d955f) Importer(815301076,1909f56bfc062723c751e8b465ee728b)  -> (artifact id: '767bc8a60cf0a8bc666718793873dfe8') in 0.011347 seconds 
  Import took 0.014551 seconds .

========================================================================
Received Import Request.
  Time since last request: 0.000229 seconds.
  path: Assets/NewLayer 2.terrainlayer
  artifactKey: Guid(99663f1df71489e4a85676826d306d01) Importer(815301076,1909f56bfc062723c751e8b465ee728b)
Start importing Assets/NewLayer 2.terrainlayer using Guid(99663f1df71489e4a85676826d306d01) Importer(815301076,1909f56bfc062723c751e8b465ee728b)  -> (artifact id: 'b26af5431db16d6693448a1ec409c3c4') in 0.017531 seconds 
  Import took 0.020628 seconds .

========================================================================
Received Import Request.
  Time since last request: 0.000192 seconds.
  path: Assets/Samples/Terrain Tools/0.1.0-preview/Terrain Assets/TerrainLayers/snow.terrainlayer
  artifactKey: Guid(34a7124a250b6314f803cba5555e7faa) Importer(815301076,1909f56bfc062723c751e8b465ee728b)
Start importing Assets/Samples/Terrain Tools/0.1.0-preview/Terrain Assets/TerrainLayers/snow.terrainlayer using Guid(34a7124a250b6314f803cba5555e7faa) Importer(815301076,1909f56bfc062723c751e8b465ee728b)  -> (artifact id: '06cb9e8130df21d7165451daeafad5e6') in 0.008929 seconds 
  Import took 0.012274 seconds .

========================================================================
Received Import Request.
  Time since last request: 0.000275 seconds.
  path: Assets/Samples/Terrain Tools/0.1.0-preview/Terrain Assets/TerrainLayers/rock.terrainlayer
  artifactKey: Guid(716937fe861ba6748bfd599e6802e70a) Importer(815301076,1909f56bfc062723c751e8b465ee728b)
Start importing Assets/Samples/Terrain Tools/0.1.0-preview/Terrain Assets/TerrainLayers/rock.terrainlayer using Guid(716937fe861ba6748bfd599e6802e70a) Importer(815301076,1909f56bfc062723c751e8b465ee728b)  -> (artifact id: 'f46398fda0ee188c53e5e837f76f1835') in 0.009570 seconds 
  Import took 0.012593 seconds .

========================================================================
Received Import Request.
  Time since last request: 21.332773 seconds.
  path: Assets/Samples/Terrain Tools/0.1.0-preview/Terrain Assets/TerrainTextures/dirt_albedo.tif
  artifactKey: Guid(7f3df385222f5b1428f6a156037deb5e) Importer(815301076,1909f56bfc062723c751e8b465ee728b)
Start importing Assets/Samples/Terrain Tools/0.1.0-preview/Terrain Assets/TerrainTextures/dirt_albedo.tif using Guid(7f3df385222f5b1428f6a156037deb5e) Importer(815301076,1909f56bfc062723c751e8b465ee728b)  -> (artifact id: 'aaf52615797939bbc9673af9ed75df73') in 0.007503 seconds 
  Import took 0.010829 seconds .

========================================================================
Received Import Request.
  Time since last request: 5.267601 seconds.
  path: Assets/Samples/Terrain Tools/0.1.0-preview/Terrain Assets/TerrainTextures/rock_albedo.tif
  artifactKey: Guid(f7dd726c93b8f17418ea3be3f6768909) Importer(815301076,1909f56bfc062723c751e8b465ee728b)
Start importing Assets/Samples/Terrain Tools/0.1.0-preview/Terrain Assets/TerrainTextures/rock_albedo.tif using Guid(f7dd726c93b8f17418ea3be3f6768909) Importer(815301076,1909f56bfc062723c751e8b465ee728b)  -> (artifact id: '7ac7d5a81372d364eb0a61941211f8e5') in 0.008033 seconds 
  Import took 0.011107 seconds .

========================================================================
Received Import Request.
  Time since last request: 2.003254 seconds.
  path: Assets/Samples/Terrain Tools/0.1.0-preview/Terrain Assets/TerrainTextures/sand_albedo.tif
  artifactKey: Guid(6bcc65b7c6e3a0b448d7801bfc56842f) Importer(815301076,1909f56bfc062723c751e8b465ee728b)
Start importing Assets/Samples/Terrain Tools/0.1.0-preview/Terrain Assets/TerrainTextures/sand_albedo.tif using Guid(6bcc65b7c6e3a0b448d7801bfc56842f) Importer(815301076,1909f56bfc062723c751e8b465ee728b)  -> (artifact id: '3a78acccc289b2c64909a166ce6f15d5') in 0.007867 seconds 
  Import took 0.011034 seconds .

========================================================================
Received Import Request.
  Time since last request: 1.361532 seconds.
  path: Assets/Samples/Terrain Tools/0.1.0-preview/Terrain Assets/TerrainTextures/scree_albedo.tif
  artifactKey: Guid(fcd3993703e7d804bb735613d2a5189d) Importer(815301076,1909f56bfc062723c751e8b465ee728b)
Start importing Assets/Samples/Terrain Tools/0.1.0-preview/Terrain Assets/TerrainTextures/scree_albedo.tif using Guid(fcd3993703e7d804bb735613d2a5189d) Importer(815301076,1909f56bfc062723c751e8b465ee728b)  -> (artifact id: '5eed60a910cf4262729d3dba6a5d0300') in 0.008527 seconds 
  Import took 0.012797 seconds .

========================================================================
Received Import Request.
  Time since last request: 1.605277 seconds.
  path: Assets/Samples/Terrain Tools/0.1.0-preview/Terrain Assets/TerrainTextures/snow_albedo.tif
  artifactKey: Guid(0cc0777f7d4a3444380eb084d74396b5) Importer(815301076,1909f56bfc062723c751e8b465ee728b)
Start importing Assets/Samples/Terrain Tools/0.1.0-preview/Terrain Assets/TerrainTextures/snow_albedo.tif using Guid(0cc0777f7d4a3444380eb084d74396b5) Importer(815301076,1909f56bfc062723c751e8b465ee728b)  -> (artifact id: 'a4b2c8fc8b1bd34086ab7918dd8eb746') in 0.006860 seconds 
  Import took 0.010153 seconds .

========================================================================
Received Import Request.
  Time since last request: 243.477370 seconds.
  path: Assets/Samples/Terrain Tools/0.1.0-preview/Terrain Assets/TerrainBrushes/terrainstamp_canyon01.brush
  artifactKey: Guid(9b1536174e1306f4eb016fe953e5a678) Importer(815301076,1909f56bfc062723c751e8b465ee728b)
Start importing Assets/Samples/Terrain Tools/0.1.0-preview/Terrain Assets/TerrainBrushes/terrainstamp_canyon01.brush using Guid(9b1536174e1306f4eb016fe953e5a678) Importer(815301076,1909f56bfc062723c751e8b465ee728b)  -> (artifact id: '171686e809a19b703460f27ff28181e5') in 0.008376 seconds 
  Import took 0.011538 seconds .

========================================================================
Received Import Request.
  Time since last request: 36.967404 seconds.
  path: Assets/Samples/Terrain Tools/0.1.0-preview/Terrain Assets/TerrainBrushes/terrainstamp_crackedground01.brush
  artifactKey: Guid(a27a2665c8aec334ba8bbba24ee0c827) Importer(815301076,1909f56bfc062723c751e8b465ee728b)
Start importing Assets/Samples/Terrain Tools/0.1.0-preview/Terrain Assets/TerrainBrushes/terrainstamp_crackedground01.brush using Guid(a27a2665c8aec334ba8bbba24ee0c827) Importer(815301076,1909f56bfc062723c751e8b465ee728b)  -> (artifact id: '1b3b700a6452de9e6eb71bac4fd26665') in 0.008683 seconds 
  Import took 0.011679 seconds .

========================================================================
Received Import Request.
  Time since last request: 26.792746 seconds.
  path: Assets/Samples/Terrain Tools/0.1.0-preview/Terrain Assets/TerrainTextures/dirt_normal.tif
  artifactKey: Guid(1ff4687a05ada474ca7eaf3010a871f6) Importer(815301076,1909f56bfc062723c751e8b465ee728b)
Start importing Assets/Samples/Terrain Tools/0.1.0-preview/Terrain Assets/TerrainTextures/dirt_normal.tif using Guid(1ff4687a05ada474ca7eaf3010a871f6) Importer(815301076,1909f56bfc062723c751e8b465ee728b)  -> (artifact id: '60157de039cdc2ab8460df45b2b59e59') in 0.008132 seconds 
  Import took 0.011243 seconds .

========================================================================
Received Import Request.
  Time since last request: 0.000215 seconds.
  path: Assets/Samples/Terrain Tools/0.1.0-preview/Terrain Assets/TerrainTextures/dirt_mask.tif
  artifactKey: Guid(3c6d7b80bcc59ae448166eacd4ad79b0) Importer(815301076,1909f56bfc062723c751e8b465ee728b)
Start importing Assets/Samples/Terrain Tools/0.1.0-preview/Terrain Assets/TerrainTextures/dirt_mask.tif using Guid(3c6d7b80bcc59ae448166eacd4ad79b0) Importer(815301076,1909f56bfc062723c751e8b465ee728b)  -> (artifact id: '01cb335e29c407f59d0ca41fe24ca384') in 0.008736 seconds 
  Import took 0.011795 seconds .

========================================================================
Received Import Request.
  Time since last request: 0.312141 seconds.
  path: Assets/Samples/Terrain Tools/0.1.0-preview/Terrain Assets/TerrainTextures/rock_normal.tif
  artifactKey: Guid(f45c3bd09301cc64783afc31dfca026b) Importer(815301076,1909f56bfc062723c751e8b465ee728b)
Start importing Assets/Samples/Terrain Tools/0.1.0-preview/Terrain Assets/TerrainTextures/rock_normal.tif using Guid(f45c3bd09301cc64783afc31dfca026b) Importer(815301076,1909f56bfc062723c751e8b465ee728b)  -> (artifact id: '6f6dcabc64a9a64fc4d97034bcd5306e') in 0.008646 seconds 
  Import took 0.011782 seconds .

========================================================================
Received Import Request.
  Time since last request: 0.000207 seconds.
  path: Assets/Samples/Terrain Tools/0.1.0-preview/Terrain Assets/TerrainTextures/rock_mask.tif
  artifactKey: Guid(44f7e6aa71506b041ac0a60db8868a44) Importer(815301076,1909f56bfc062723c751e8b465ee728b)
Start importing Assets/Samples/Terrain Tools/0.1.0-preview/Terrain Assets/TerrainTextures/rock_mask.tif using Guid(44f7e6aa71506b041ac0a60db8868a44) Importer(815301076,1909f56bfc062723c751e8b465ee728b)  -> (artifact id: '25f5ead69370dfdaa0b3c5653124cc44') in 0.008140 seconds 
  Import took 0.011172 seconds .

========================================================================
Received Import Request.
  Time since last request: 0.580157 seconds.
  path: Assets/Samples/Terrain Tools/0.1.0-preview/Terrain Assets/TerrainTextures/sand_normal.tif
  artifactKey: Guid(dd1ad706663683546b665fd5b0286bbd) Importer(815301076,1909f56bfc062723c751e8b465ee728b)
Start importing Assets/Samples/Terrain Tools/0.1.0-preview/Terrain Assets/TerrainTextures/sand_normal.tif using Guid(dd1ad706663683546b665fd5b0286bbd) Importer(815301076,1909f56bfc062723c751e8b465ee728b)  -> (artifact id: '63707614dd49e5983a2e9e7c7ca675f8') in 0.008845 seconds 
  Import took 0.012377 seconds .

========================================================================
Received Import Request.
  Time since last request: 0.000195 seconds.
  path: Assets/Samples/Terrain Tools/0.1.0-preview/Terrain Assets/TerrainTextures/sand_mask.tif
  artifactKey: Guid(58a4a6310bd23844bae88d82f7916059) Importer(815301076,1909f56bfc062723c751e8b465ee728b)
Start importing Assets/Samples/Terrain Tools/0.1.0-preview/Terrain Assets/TerrainTextures/sand_mask.tif using Guid(58a4a6310bd23844bae88d82f7916059) Importer(815301076,1909f56bfc062723c751e8b465ee728b)  -> (artifact id: '9c3927da245dd6de433e513c7616b34c') in 0.008034 seconds 
  Import took 0.011108 seconds .

========================================================================
Received Import Request.
  Time since last request: 0.280719 seconds.
  path: Assets/Samples/Terrain Tools/0.1.0-preview/Terrain Assets/TerrainTextures/screen_normal.tif
  artifactKey: Guid(703d1f74c69fc95498dcfd0afe8e1d61) Importer(815301076,1909f56bfc062723c751e8b465ee728b)
Start importing Assets/Samples/Terrain Tools/0.1.0-preview/Terrain Assets/TerrainTextures/screen_normal.tif using Guid(703d1f74c69fc95498dcfd0afe8e1d61) Importer(815301076,1909f56bfc062723c751e8b465ee728b)  -> (artifact id: 'ea0d2548c6fdbdc30b4a29e0c491dc52') in 0.008678 seconds 
  Import took 0.011877 seconds .

========================================================================
Received Import Request.
  Time since last request: 0.000231 seconds.
  path: Assets/Samples/Terrain Tools/0.1.0-preview/Terrain Assets/TerrainTextures/scree_mask.tif
  artifactKey: Guid(e2a486d7d86a7e8469b15e7ae4d004f0) Importer(815301076,1909f56bfc062723c751e8b465ee728b)
Start importing Assets/Samples/Terrain Tools/0.1.0-preview/Terrain Assets/TerrainTextures/scree_mask.tif using Guid(e2a486d7d86a7e8469b15e7ae4d004f0) Importer(815301076,1909f56bfc062723c751e8b465ee728b)  -> (artifact id: 'e0130db8067057e3a20dda968b85ee4a') in 0.008257 seconds 
  Import took 0.011404 seconds .

========================================================================
Received Import Request.
  Time since last request: 0.242800 seconds.
  path: Assets/Samples/Terrain Tools/0.1.0-preview/Terrain Assets/TerrainTextures/snow_normal.tif
  artifactKey: Guid(52f2b70b42682a145b20ea5f04fd6af1) Importer(815301076,1909f56bfc062723c751e8b465ee728b)
Start importing Assets/Samples/Terrain Tools/0.1.0-preview/Terrain Assets/TerrainTextures/snow_normal.tif using Guid(52f2b70b42682a145b20ea5f04fd6af1) Importer(815301076,1909f56bfc062723c751e8b465ee728b)  -> (artifact id: 'd349fa00518d43b61ba5eb82918b9077') in 0.008099 seconds 
  Import took 0.011833 seconds .

========================================================================
Received Import Request.
  Time since last request: 0.000227 seconds.
  path: Assets/Samples/Terrain Tools/0.1.0-preview/Terrain Assets/TerrainTextures/snow_mask.tif
  artifactKey: Guid(1a4d9960438e8f242a5155b27813efe9) Importer(815301076,1909f56bfc062723c751e8b465ee728b)
Start importing Assets/Samples/Terrain Tools/0.1.0-preview/Terrain Assets/TerrainTextures/snow_mask.tif using Guid(1a4d9960438e8f242a5155b27813efe9) Importer(815301076,1909f56bfc062723c751e8b465ee728b)  -> (artifact id: 'd7cfb486adb945a05e79d20819e5a334') in 0.006875 seconds 
  Import took 0.009931 seconds .

========================================================================
Received Import Request.
  Time since last request: 29.513538 seconds.
  path: Assets/Samples/Terrain Tools/0.1.0-preview/Terrain Assets/TerrainBrushes/terrainstamp_ridge06.brush
  artifactKey: Guid(24a7eabe2ad91f84fbf3a7ecf7b532b6) Importer(815301076,1909f56bfc062723c751e8b465ee728b)
Start importing Assets/Samples/Terrain Tools/0.1.0-preview/Terrain Assets/TerrainBrushes/terrainstamp_ridge06.brush using Guid(24a7eabe2ad91f84fbf3a7ecf7b532b6) Importer(815301076,1909f56bfc062723c751e8b465ee728b)  -> (artifact id: '3af6593de52e35331d53879b5ecd39fd') in 0.013354 seconds 
  Import took 0.016990 seconds .

========================================================================
Received Import Request.
  Time since last request: 400.049891 seconds.
  path: Assets/Samples/Terrain Tools/0.1.0-preview/Terrain Assets/TerrainBrushes/terrainstamp_erode02.brush
  artifactKey: Guid(b4f1a8962849d1e418cbb0637143dc00) Importer(815301076,1909f56bfc062723c751e8b465ee728b)
Start importing Assets/Samples/Terrain Tools/0.1.0-preview/Terrain Assets/TerrainBrushes/terrainstamp_erode02.brush using Guid(b4f1a8962849d1e418cbb0637143dc00) Importer(815301076,1909f56bfc062723c751e8b465ee728b)  -> (artifact id: '5bcd16560ee146c1f657de7a01575b5e') in 0.017205 seconds 
  Import took 0.020897 seconds .

========================================================================
Received Import Request.
  Time since last request: 15.581400 seconds.
  path: Assets/Samples/Terrain Tools/0.1.0-preview/Terrain Assets/TerrainBrushes/terrainstamp_plateau01.brush
  artifactKey: Guid(bb325d04c0ca0dd4a85a78892caa83fc) Importer(815301076,1909f56bfc062723c751e8b465ee728b)
Start importing Assets/Samples/Terrain Tools/0.1.0-preview/Terrain Assets/TerrainBrushes/terrainstamp_plateau01.brush using Guid(bb325d04c0ca0dd4a85a78892caa83fc) Importer(815301076,1909f56bfc062723c751e8b465ee728b)  -> (artifact id: 'f83a5abeceab8a02e7e34e42c29abaa5') in 0.008383 seconds 
  Import took 0.011424 seconds .

========================================================================
Received Import Request.
  Time since last request: 172.724770 seconds.
  path: Assets/Samples/Terrain Tools/0.1.0-preview/Terrain Assets/TerrainBrushes/terrainstamp_ridge04.brush
  artifactKey: Guid(913af1c64ea139348925340c09459a50) Importer(815301076,1909f56bfc062723c751e8b465ee728b)
Start importing Assets/Samples/Terrain Tools/0.1.0-preview/Terrain Assets/TerrainBrushes/terrainstamp_ridge04.brush using Guid(913af1c64ea139348925340c09459a50) Importer(815301076,1909f56bfc062723c751e8b465ee728b)  -> (artifact id: '5c40370edaf002dd8b5f22c419533bb7') in 0.014173 seconds 
  Import took 0.017857 seconds .

========================================================================
Received Import Request.
  Time since last request: 204.563980 seconds.
  path: Assets/Samples/Terrain Tools/0.1.0-preview/Terrain Assets/TerrainBrushes/terrainstamp_softpeaks01.brush
  artifactKey: Guid(7eae67bc3f75e02478ed0f5c2d4498cf) Importer(815301076,1909f56bfc062723c751e8b465ee728b)
Start importing Assets/Samples/Terrain Tools/0.1.0-preview/Terrain Assets/TerrainBrushes/terrainstamp_softpeaks01.brush using Guid(7eae67bc3f75e02478ed0f5c2d4498cf) Importer(815301076,1909f56bfc062723c751e8b465ee728b)  -> (artifact id: '41e47d1cd59a5395e58c37785fdf33a2') in 0.008534 seconds 
  Import took 0.011909 seconds .

========================================================================
Received Import Request.
  Time since last request: 12.752680 seconds.
  path: Assets/Samples/Terrain Tools/0.1.0-preview/Terrain Assets/TerrainBrushes/terrainstamp_volcano01.brush
  artifactKey: Guid(e5a2f11e9d7a4da4caf17b3e59800215) Importer(815301076,1909f56bfc062723c751e8b465ee728b)
Start importing Assets/Samples/Terrain Tools/0.1.0-preview/Terrain Assets/TerrainBrushes/terrainstamp_volcano01.brush using Guid(e5a2f11e9d7a4da4caf17b3e59800215) Importer(815301076,1909f56bfc062723c751e8b465ee728b)  -> (artifact id: 'df254c0b897e18eb0d724ceaecc8d112') in 0.012378 seconds 
  Import took 0.016046 seconds .

========================================================================
Received Import Request.
  Time since last request: 11.641009 seconds.
  path: Assets/Samples/Terrain Tools/0.1.0-preview/Terrain Assets/TerrainBrushes/terrainstamp_rollinghills01.brush
  artifactKey: Guid(9bcbad10823d47140bc0c90bfc339f4e) Importer(815301076,1909f56bfc062723c751e8b465ee728b)
Start importing Assets/Samples/Terrain Tools/0.1.0-preview/Terrain Assets/TerrainBrushes/terrainstamp_rollinghills01.brush using Guid(9bcbad10823d47140bc0c90bfc339f4e) Importer(815301076,1909f56bfc062723c751e8b465ee728b)  -> (artifact id: 'df10e0197e6c96ac5ccb5f3752dc4c8c') in 0.008128 seconds 
  Import took 0.011094 seconds .

========================================================================
Received Import Request.
  Time since last request: 8.448629 seconds.
  path: Assets/Samples/Terrain Tools/0.1.0-preview/Terrain Assets/TerrainBrushes/terrainstamp_ridgeedge01.brush
  artifactKey: Guid(b47c02079aebe594a94e62b833a0616b) Importer(815301076,1909f56bfc062723c751e8b465ee728b)
Start importing Assets/Samples/Terrain Tools/0.1.0-preview/Terrain Assets/TerrainBrushes/terrainstamp_ridgeedge01.brush using Guid(b47c02079aebe594a94e62b833a0616b) Importer(815301076,1909f56bfc062723c751e8b465ee728b)  -> (artifact id: '1b9558707eac382a5f96eaf6cc7723b8') in 0.008010 seconds 
  Import took 0.011040 seconds .

========================================================================
Received Import Request.
  Time since last request: 188.374912 seconds.
  path: Assets/Samples/Terrain Tools/0.1.0-preview/Terrain Assets/TerrainBrushes/noise_soft.brush
  artifactKey: Guid(cee96a2661edd1040b6f86ac79ab5fc8) Importer(815301076,1909f56bfc062723c751e8b465ee728b)
Start importing Assets/Samples/Terrain Tools/0.1.0-preview/Terrain Assets/TerrainBrushes/noise_soft.brush using Guid(cee96a2661edd1040b6f86ac79ab5fc8) Importer(815301076,1909f56bfc062723c751e8b465ee728b)  -> (artifact id: '2cb5585c4d41eda7a55143882cb66df5') in 0.008619 seconds 
  Import took 0.011899 seconds .

========================================================================
Received Import Request.
  Time since last request: 43.083986 seconds.
  path: Assets/Samples/Terrain Tools/0.1.0-preview/Terrain Assets/TerrainBrushes/terrainstamp_canyon04.brush
  artifactKey: Guid(dc670a42db363de40a6e6d9f231404ca) Importer(815301076,1909f56bfc062723c751e8b465ee728b)
Start importing Assets/Samples/Terrain Tools/0.1.0-preview/Terrain Assets/TerrainBrushes/terrainstamp_canyon04.brush using Guid(dc670a42db363de40a6e6d9f231404ca) Importer(815301076,1909f56bfc062723c751e8b465ee728b)  -> (artifact id: '2cb31396ac0b6c0bb0917c841d33c823') in 0.008444 seconds 
  Import took 0.011369 seconds .

