Using pre-set license
Built from '2020.3/staging' branch; Version is '2020.3.23f1 (c5d91304a876) revision 12966163'; Using compiler version '192528614'; Build Type 'Release'
OS: 'Windows 10 Home; OS build 22000.493; Version 2009; 64bit' Language: 'en' Physical Memory: 15716 MB
BatchMode: 1, IsHumanControllingUs: 0, StartBugReporterOnCrash: 0, Is64bit: 1, IsPro: 0

COMMAND LINE ARGUMENTS:
C:\Program Files\Unity\Hub\Editor\2020.3.23f1\Editor\Unity.exe
-adb2
-batchMode
-noUpm
-name
AssetImportWorker1
-projectPath
C:/Users/simon/Documents/GitHub/BanaanGame
-logFile
Logs/AssetImportWorker1.log
-srvPort
64840
Successfully changed project path to: C:/Users/simon/Documents/GitHub/BanaanGame
C:/Users/simon/Documents/GitHub/BanaanGame
Using Asset Import Pipeline V2.
Refreshing native plugins compatible for Editor in 32.64 ms, found 3 plugins.
Preloading 0 native plugins for Editor in 0.00 ms.
Initialize engine version: 2020.3.23f1 (c5d91304a876)
[Subsystems] Discovering subsystems at path C:/Program Files/Unity/Hub/Editor/2020.3.23f1/Editor/Data/Resources/UnitySubsystems
[Subsystems] Discovering subsystems at path C:/Users/simon/Documents/GitHub/BanaanGame/Assets
GfxDevice: creating device client; threaded=0
Direct3D:
    Version:  Direct3D 11.0 [level 11.1]
    Renderer: NVIDIA GeForce RTX 3060 Laptop GPU (ID=0x2520)
    Vendor:   
    VRAM:     6023 MB
    Driver:   30.0.14.7247
Initialize mono
Mono path[0] = 'C:/Program Files/Unity/Hub/Editor/2020.3.23f1/Editor/Data/Managed'
Mono path[1] = 'C:/Program Files/Unity/Hub/Editor/2020.3.23f1/Editor/Data/MonoBleedingEdge/lib/mono/unityjit'
Mono config path = 'C:/Program Files/Unity/Hub/Editor/2020.3.23f1/Editor/Data/MonoBleedingEdge/etc'
Using monoOptions --debugger-agent=transport=dt_socket,embedding=1,server=y,suspend=n,address=127.0.0.1:56320
Begin MonoManager ReloadAssembly
Registering precompiled unity dll's ...
Register platform support module: C:/Program Files/Unity/Hub/Editor/2020.3.23f1/Editor/Data/PlaybackEngines/WebGLSupport/UnityEditor.WebGL.Extensions.dll
Register platform support module: C:/Program Files/Unity/Hub/Editor/2020.3.23f1/Editor/Data/PlaybackEngines/MacStandaloneSupport/UnityEditor.OSXStandalone.Extensions.dll
Register platform support module: C:/Program Files/Unity/Hub/Editor/2020.3.23f1/Editor/Data/PlaybackEngines/WindowsStandaloneSupport/UnityEditor.WindowsStandalone.Extensions.dll
Registered in 0.001821 seconds.
Native extension for WindowsStandalone target not found
Native extension for OSXStandalone target not found
Native extension for WebGL target not found
Refreshing native plugins compatible for Editor in 31.66 ms, found 3 plugins.
Preloading 0 native plugins for Editor in 0.00 ms.
Mono: successfully reloaded assembly
- Completed reload, in  0.452 seconds
Domain Reload Profiling:
	ReloadAssembly (452ms)
		BeginReloadAssembly (42ms)
			ExecutionOrderSort (0ms)
			DisableScriptedObjects (0ms)
			BackupInstance (0ms)
			ReleaseScriptingObjects (0ms)
			CreateAndSetChildDomain (1ms)
		EndReloadAssembly (354ms)
			LoadAssemblies (41ms)
			RebuildTransferFunctionScriptingTraits (0ms)
			SetupTypeCache (109ms)
			ReleaseScriptCaches (0ms)
			RebuildScriptCaches (21ms)
			SetupLoadedEditorAssemblies (144ms)
				LogAssemblyErrors (0ms)
				InitializePlatformSupportModulesInManaged (6ms)
				SetLoadedEditorAssemblies (0ms)
				RefreshPlugins (32ms)
				BeforeProcessingInitializeOnLoad (13ms)
				ProcessInitializeOnLoadAttributes (66ms)
				ProcessInitializeOnLoadMethodAttributes (27ms)
				AfterProcessingInitializeOnLoad (0ms)
				EditorAssembliesLoaded (0ms)
			ExecutionOrderSort2 (0ms)
			AwakeInstancesAfterBackupRestoration (0ms)
Platform modules already initialized, skipping
Registering precompiled user dll's ...
Registered in 0.101796 seconds.
Begin MonoManager ReloadAssembly
Native extension for WindowsStandalone target not found
Native extension for OSXStandalone target not found
Native extension for WebGL target not found
Refreshing native plugins compatible for Editor in 0.44 ms, found 3 plugins.
Preloading 0 native plugins for Editor in 0.00 ms.
Mono: successfully reloaded assembly
- Completed reload, in  0.852 seconds
Domain Reload Profiling:
	ReloadAssembly (853ms)
		BeginReloadAssembly (114ms)
			ExecutionOrderSort (0ms)
			DisableScriptedObjects (4ms)
			BackupInstance (0ms)
			ReleaseScriptingObjects (0ms)
			CreateAndSetChildDomain (17ms)
		EndReloadAssembly (689ms)
			LoadAssemblies (75ms)
			RebuildTransferFunctionScriptingTraits (0ms)
			SetupTypeCache (227ms)
			ReleaseScriptCaches (0ms)
			RebuildScriptCaches (37ms)
			SetupLoadedEditorAssemblies (283ms)
				LogAssemblyErrors (0ms)
				InitializePlatformSupportModulesInManaged (6ms)
				SetLoadedEditorAssemblies (0ms)
				RefreshPlugins (1ms)
				BeforeProcessingInitializeOnLoad (71ms)
				ProcessInitializeOnLoadAttributes (194ms)
				ProcessInitializeOnLoadMethodAttributes (7ms)
				AfterProcessingInitializeOnLoad (5ms)
				EditorAssembliesLoaded (0ms)
			ExecutionOrderSort2 (0ms)
			AwakeInstancesAfterBackupRestoration (5ms)
Platform modules already initialized, skipping
========================================================================
Worker process is ready to serve import requests
Launched and connected shader compiler UnityShaderCompiler.exe after 0.05 seconds
Refreshing native plugins compatible for Editor in 0.50 ms, found 3 plugins.
Preloading 0 native plugins for Editor in 0.00 ms.
Unloading 1902 Unused Serialized files (Serialized files now loaded: 0)
System memory in use before: 157.7 MB.
System memory in use after: 157.8 MB.

Unloading 23 unused Assets to reduce memory usage. Loaded Objects now: 2334.
Total: 3.127800 ms (FindLiveObjects: 0.293800 ms CreateObjectMapping: 0.048800 ms MarkObjects: 2.721400 ms  DeleteObjects: 0.062700 ms)

AssetImportParameters requested are different than current active one (requested -> active):
  custom:framework-win-MediaFoundation: 216162199b28c13a410421893ffa2e32 -> 
  custom:video-decoder-ogg-theora: a1e56fd34408186e4bbccfd4996cb3dc -> 
  custom:container-muxer-webm: aa71ff27fc2769a1b78a27578f13a17b -> 
  custom:container-demuxer-webm: 4f35f7cbe854078d1ac9338744f61a02 -> 
  custom:container-demuxer-ogg: 62fdf1f143b41e24485cea50d1cbac27 -> 
  custom:video-encoder-webm-vp8: eb34c28f22e8b96e1ab97ce403110664 -> 
  custom:video-codec-MediaFoundation-h265: 746d11721c4dcdbdad8f713fa42b33f4 -> 
  custom:video-decoder-webm-vp8: 9c59270c3fd7afecdb556c50c9e8de78 -> 
  custom:audio-decoder-ogg-vorbis: bf7c407c2cedff20999df2af8eb42d56 -> 
  custom:audio-encoder-webm-vorbis: bf7c407c2cedff20999df2af8eb42d56 -> 
========================================================================
Received Import Request.
  path: Assets/Sherbbs Particle Collection/Particles
  artifactKey: Guid(fbf67b9ffb435124ca54819967d40ea7) Importer(815301076,1909f56bfc062723c751e8b465ee728b)
Start importing Assets/Sherbbs Particle Collection/Particles using Guid(fbf67b9ffb435124ca54819967d40ea7) Importer(815301076,1909f56bfc062723c751e8b465ee728b)  -> (artifact id: '0f3b9d84807edbd08d1eefbc664f9275') in 0.010432 seconds 
  Import took 0.013985 seconds .

========================================================================
Received Import Request.
  Time since last request: 0.000184 seconds.
  path: Assets/Sherbbs Particle Collection/Particles/Atmosphere/Etherial Lines.prefab
  artifactKey: Guid(de89c977f177310489b6d6cb12a9a3f6) Importer(815301076,1909f56bfc062723c751e8b465ee728b)
Start importing Assets/Sherbbs Particle Collection/Particles/Atmosphere/Etherial Lines.prefab using Guid(de89c977f177310489b6d6cb12a9a3f6) Importer(815301076,1909f56bfc062723c751e8b465ee728b)  -> (artifact id: '7bed2d805c4022305c22a5adf6973192') in 0.104368 seconds 
  Import took 0.107204 seconds .

========================================================================
Received Import Request.
  Time since last request: 0.000147 seconds.
  path: Assets/Sherbbs Particle Collection/Particles/Atmosphere/Wind.prefab
  artifactKey: Guid(292bfa542cd61114883916af45c0c4f3) Importer(815301076,1909f56bfc062723c751e8b465ee728b)
Start importing Assets/Sherbbs Particle Collection/Particles/Atmosphere/Wind.prefab using Guid(292bfa542cd61114883916af45c0c4f3) Importer(815301076,1909f56bfc062723c751e8b465ee728b)  -> (artifact id: '3dd536e22a3efd5b38b7208d9d07a4b5') in 0.015306 seconds 
  Import took 0.019270 seconds .

========================================================================
Received Import Request.
  Time since last request: 0.000153 seconds.
  path: Assets/Sherbbs Particle Collection/Particles/Atmosphere/Rain (Basic).prefab
  artifactKey: Guid(e6c8b773db6089b46bedb5d125fc5d63) Importer(815301076,1909f56bfc062723c751e8b465ee728b)
Start importing Assets/Sherbbs Particle Collection/Particles/Atmosphere/Rain (Basic).prefab using Guid(e6c8b773db6089b46bedb5d125fc5d63) Importer(815301076,1909f56bfc062723c751e8b465ee728b)  -> (artifact id: '684137df17bf54094917f7515077ec05') in 0.012683 seconds 
  Import took 0.015447 seconds .

========================================================================
Received Import Request.
  Time since last request: 0.000157 seconds.
  path: Assets/Sherbbs Particle Collection/Particles/Atmosphere
  artifactKey: Guid(2c0e1a933a7d11b4d84bc43c01af4e72) Importer(815301076,1909f56bfc062723c751e8b465ee728b)
Start importing Assets/Sherbbs Particle Collection/Particles/Atmosphere using Guid(2c0e1a933a7d11b4d84bc43c01af4e72) Importer(815301076,1909f56bfc062723c751e8b465ee728b)  -> (artifact id: 'd02b410e0642a5251cf9e59268b3e23c') in 0.006605 seconds 
  Import took 0.010166 seconds .

========================================================================
Received Import Request.
  Time since last request: 0.000134 seconds.
  path: Assets/Sherbbs Particle Collection/Particles/Atmosphere/FireFlies.prefab
  artifactKey: Guid(0b28d04bc9a122543ae0f12a59c00b20) Importer(815301076,1909f56bfc062723c751e8b465ee728b)
Start importing Assets/Sherbbs Particle Collection/Particles/Atmosphere/FireFlies.prefab using Guid(0b28d04bc9a122543ae0f12a59c00b20) Importer(815301076,1909f56bfc062723c751e8b465ee728b)  -> (artifact id: 'ec6ba2818bcf7aab39572cf9abd791ef') in 0.011629 seconds 
  Import took 0.014895 seconds .

========================================================================
Received Import Request.
  Time since last request: 0.000155 seconds.
  path: Assets/Sherbbs Particle Collection/Particles/Atmosphere/Ground Embers.prefab
  artifactKey: Guid(cf9be061d575df6418c98c2c5ebde13d) Importer(815301076,1909f56bfc062723c751e8b465ee728b)
Start importing Assets/Sherbbs Particle Collection/Particles/Atmosphere/Ground Embers.prefab using Guid(cf9be061d575df6418c98c2c5ebde13d) Importer(815301076,1909f56bfc062723c751e8b465ee728b)  -> (artifact id: '28c69118afff2e50392e8164fc23f677') in 0.012536 seconds 
  Import took 0.016032 seconds .

========================================================================
Received Import Request.
  Time since last request: 0.000164 seconds.
  path: Assets/Sherbbs Particle Collection/Particles/Atmosphere/Rain (Collision).prefab
  artifactKey: Guid(8407edd9f34fd6a458da5ab5802b803c) Importer(815301076,1909f56bfc062723c751e8b465ee728b)
Start importing Assets/Sherbbs Particle Collection/Particles/Atmosphere/Rain (Collision).prefab using Guid(8407edd9f34fd6a458da5ab5802b803c) Importer(815301076,1909f56bfc062723c751e8b465ee728b)  -> (artifact id: '025f4471878b73b0c6f56148d503dafc') in 0.012509 seconds 
  Import took 0.016120 seconds .

========================================================================
Received Import Request.
  Time since last request: 0.000146 seconds.
  path: Assets/Sherbbs Particle Collection/Particles/Atmosphere/Confetti Rain.prefab
  artifactKey: Guid(77cddf39b775be645a02d57fc0347afb) Importer(815301076,1909f56bfc062723c751e8b465ee728b)
Start importing Assets/Sherbbs Particle Collection/Particles/Atmosphere/Confetti Rain.prefab using Guid(77cddf39b775be645a02d57fc0347afb) Importer(815301076,1909f56bfc062723c751e8b465ee728b)  -> (artifact id: '197ff3cf3b8814f5d9f420938ab80dfc') in 0.020711 seconds 
  Import took 0.024038 seconds .

========================================================================
Received Import Request.
  Time since last request: 3.648669 seconds.
  path: Assets/Sherbbs Particle Collection/Particles/Trails/EtherialStreaksTrail.prefab
  artifactKey: Guid(797ee248261f4504f9071cdf2c4300d4) Importer(815301076,1909f56bfc062723c751e8b465ee728b)
Start importing Assets/Sherbbs Particle Collection/Particles/Trails/EtherialStreaksTrail.prefab using Guid(797ee248261f4504f9071cdf2c4300d4) Importer(815301076,1909f56bfc062723c751e8b465ee728b)  -> (artifact id: '8f2085c80286861965d7f730ec51aced') in 0.020139 seconds 
  Import took 0.023864 seconds .

========================================================================
Received Import Request.
  Time since last request: 0.000149 seconds.
  path: Assets/Sherbbs Particle Collection/Particles/Trails/EtherialTrail.prefab
  artifactKey: Guid(ac1eb58333177014ca6f8c95cc1a7273) Importer(815301076,1909f56bfc062723c751e8b465ee728b)
Start importing Assets/Sherbbs Particle Collection/Particles/Trails/EtherialTrail.prefab using Guid(ac1eb58333177014ca6f8c95cc1a7273) Importer(815301076,1909f56bfc062723c751e8b465ee728b)  -> (artifact id: '9c4ec06d8de1a8218a18ed89bab864ed') in 0.011980 seconds 
  Import took 0.014556 seconds .

========================================================================
Received Import Request.
  Time since last request: 0.000143 seconds.
  path: Assets/Sherbbs Particle Collection/Particles/Trails/SmokeTrail.prefab
  artifactKey: Guid(b7946187dcbeb374685f5916c35fb228) Importer(815301076,1909f56bfc062723c751e8b465ee728b)
Start importing Assets/Sherbbs Particle Collection/Particles/Trails/SmokeTrail.prefab using Guid(b7946187dcbeb374685f5916c35fb228) Importer(815301076,1909f56bfc062723c751e8b465ee728b)  -> (artifact id: 'eac84405d05d554e37a6ccdc2c8a00bd') in 0.018088 seconds 
  Import took 0.020912 seconds .

========================================================================
Received Import Request.
  Time since last request: 0.000154 seconds.
  path: Assets/Sherbbs Particle Collection/Particles/Trails/SmokeTrail 3d.prefab
  artifactKey: Guid(4f3fbc2ee3f540a469cda95159007469) Importer(815301076,1909f56bfc062723c751e8b465ee728b)
Start importing Assets/Sherbbs Particle Collection/Particles/Trails/SmokeTrail 3d.prefab using Guid(4f3fbc2ee3f540a469cda95159007469) Importer(815301076,1909f56bfc062723c751e8b465ee728b)  -> (artifact id: 'a080e80b0b74b548dd9af2788f01ea2f') in 0.011479 seconds 
  Import took 0.015296 seconds .

========================================================================
Received Import Request.
  Time since last request: 9.496152 seconds.
  path: Assets/Sherbbs Particle Collection/Particles/Trails/SmokeTrail 3d.prefab
  artifactKey: Guid(4f3fbc2ee3f540a469cda95159007469) Importer(815301076,1909f56bfc062723c751e8b465ee728b)
Start importing Assets/Sherbbs Particle Collection/Particles/Trails/SmokeTrail 3d.prefab using Guid(4f3fbc2ee3f540a469cda95159007469) Importer(815301076,1909f56bfc062723c751e8b465ee728b)  -> (artifact id: '25218d35d4698473fa1001d30f6d06ea') in 0.009415 seconds 
  Import took 0.012950 seconds .

========================================================================
Received Import Request.
  Time since last request: 4.228223 seconds.
  path: Assets/Sherbbs Particle Collection/Particles/Trails/SmokeTrail 3d.prefab
  artifactKey: Guid(4f3fbc2ee3f540a469cda95159007469) Importer(815301076,1909f56bfc062723c751e8b465ee728b)
Start importing Assets/Sherbbs Particle Collection/Particles/Trails/SmokeTrail 3d.prefab using Guid(4f3fbc2ee3f540a469cda95159007469) Importer(815301076,1909f56bfc062723c751e8b465ee728b)  -> (artifact id: '61771813ee0e98b1dc30726ae2c262e0') in 0.008159 seconds 
  Import took 0.011445 seconds .

========================================================================
Received Import Request.
  Time since last request: 5.673643 seconds.
  path: Assets/Sherbbs Particle Collection/Particles/Trails/EtherialStreaksTrail.prefab
  artifactKey: Guid(797ee248261f4504f9071cdf2c4300d4) Importer(815301076,1909f56bfc062723c751e8b465ee728b)
Start importing Assets/Sherbbs Particle Collection/Particles/Trails/EtherialStreaksTrail.prefab using Guid(797ee248261f4504f9071cdf2c4300d4) Importer(815301076,1909f56bfc062723c751e8b465ee728b)  -> (artifact id: 'ddb1e768df1e6b4646e5bdb6dd0ddb93') in 0.008592 seconds 
  Import took 0.011940 seconds .

========================================================================
Received Import Request.
  Time since last request: 0.378321 seconds.
  path: Assets/Sherbbs Particle Collection/Particles/Trails/EtherialStreaksTrail.prefab
  artifactKey: Guid(797ee248261f4504f9071cdf2c4300d4) Importer(815301076,1909f56bfc062723c751e8b465ee728b)
Start importing Assets/Sherbbs Particle Collection/Particles/Trails/EtherialStreaksTrail.prefab using Guid(797ee248261f4504f9071cdf2c4300d4) Importer(815301076,1909f56bfc062723c751e8b465ee728b)  -> (artifact id: '15cbebec39893f08e3b4e019c4a494fd') in 0.008239 seconds 
  Import took 0.011492 seconds .

========================================================================
Received Import Request.
  Time since last request: 4.263032 seconds.
  path: Assets/Sherbbs Particle Collection/Particles/Trails/EtherialTrail.prefab
  artifactKey: Guid(ac1eb58333177014ca6f8c95cc1a7273) Importer(815301076,1909f56bfc062723c751e8b465ee728b)
Start importing Assets/Sherbbs Particle Collection/Particles/Trails/EtherialTrail.prefab using Guid(ac1eb58333177014ca6f8c95cc1a7273) Importer(815301076,1909f56bfc062723c751e8b465ee728b)  -> (artifact id: '00918ef541c28f7112c6a6d6ae976a21') in 0.008470 seconds 
  Import took 0.012299 seconds .

========================================================================
Received Import Request.
  Time since last request: 7.484384 seconds.
  path: Assets/Sherbbs Particle Collection/Particles/Trails/SmokeTrail.prefab
  artifactKey: Guid(b7946187dcbeb374685f5916c35fb228) Importer(815301076,1909f56bfc062723c751e8b465ee728b)
Start importing Assets/Sherbbs Particle Collection/Particles/Trails/SmokeTrail.prefab using Guid(b7946187dcbeb374685f5916c35fb228) Importer(815301076,1909f56bfc062723c751e8b465ee728b)  -> (artifact id: 'fb4fc5c9712f8f5e2e969fe0689d66f3') in 0.009098 seconds 
  Import took 0.012748 seconds .

========================================================================
Received Import Request.
  Time since last request: 0.981218 seconds.
  path: Assets/Sherbbs Particle Collection/Particles/Trails/SmokeTrail.prefab
  artifactKey: Guid(b7946187dcbeb374685f5916c35fb228) Importer(815301076,1909f56bfc062723c751e8b465ee728b)
Start importing Assets/Sherbbs Particle Collection/Particles/Trails/SmokeTrail.prefab using Guid(b7946187dcbeb374685f5916c35fb228) Importer(815301076,1909f56bfc062723c751e8b465ee728b)  -> (artifact id: '70165d95fe3ab4292b2d2bf0938ad083') in 0.008761 seconds 
  Import took 0.012457 seconds .

========================================================================
Received Prepare
Registering precompiled user dll's ...
Registered in 0.003126 seconds.
Begin MonoManager ReloadAssembly
Native extension for WindowsStandalone target not found
Native extension for OSXStandalone target not found
Native extension for WebGL target not found
Refreshing native plugins compatible for Editor in 0.45 ms, found 3 plugins.
Preloading 0 native plugins for Editor in 0.00 ms.
Mono: successfully reloaded assembly
- Completed reload, in  0.751 seconds
Domain Reload Profiling:
	ReloadAssembly (752ms)
		BeginReloadAssembly (92ms)
			ExecutionOrderSort (0ms)
			DisableScriptedObjects (4ms)
			BackupInstance (0ms)
			ReleaseScriptingObjects (0ms)
			CreateAndSetChildDomain (27ms)
		EndReloadAssembly (609ms)
			LoadAssemblies (69ms)
			RebuildTransferFunctionScriptingTraits (0ms)
			SetupTypeCache (206ms)
			ReleaseScriptCaches (1ms)
			RebuildScriptCaches (31ms)
			SetupLoadedEditorAssemblies (238ms)
				LogAssemblyErrors (0ms)
				InitializePlatformSupportModulesInManaged (6ms)
				SetLoadedEditorAssemblies (0ms)
				RefreshPlugins (0ms)
				BeforeProcessingInitializeOnLoad (61ms)
				ProcessInitializeOnLoadAttributes (160ms)
				ProcessInitializeOnLoadMethodAttributes (6ms)
				AfterProcessingInitializeOnLoad (4ms)
				EditorAssembliesLoaded (0ms)
			ExecutionOrderSort2 (0ms)
			AwakeInstancesAfterBackupRestoration (5ms)
Platform modules already initialized, skipping
Refreshing native plugins compatible for Editor in 0.45 ms, found 3 plugins.
Preloading 0 native plugins for Editor in 0.00 ms.
Unloading 1862 Unused Serialized files (Serialized files now loaded: 0)
System memory in use before: 157.5 MB.
System memory in use after: 157.6 MB.

Unloading 18 unused Assets to reduce memory usage. Loaded Objects now: 2344.
Total: 2.363400 ms (FindLiveObjects: 0.156400 ms CreateObjectMapping: 0.042600 ms MarkObjects: 2.148100 ms  DeleteObjects: 0.015500 ms)

AssetImportParameters requested are different than current active one (requested -> active):
  custom:framework-win-MediaFoundation: 216162199b28c13a410421893ffa2e32 -> 
  custom:video-decoder-ogg-theora: a1e56fd34408186e4bbccfd4996cb3dc -> 
  custom:container-muxer-webm: aa71ff27fc2769a1b78a27578f13a17b -> 
  custom:container-demuxer-webm: 4f35f7cbe854078d1ac9338744f61a02 -> 
  custom:container-demuxer-ogg: 62fdf1f143b41e24485cea50d1cbac27 -> 
  custom:video-encoder-webm-vp8: eb34c28f22e8b96e1ab97ce403110664 -> 
  custom:video-codec-MediaFoundation-h265: 746d11721c4dcdbdad8f713fa42b33f4 -> 
  custom:video-decoder-webm-vp8: 9c59270c3fd7afecdb556c50c9e8de78 -> 
  custom:audio-decoder-ogg-vorbis: bf7c407c2cedff20999df2af8eb42d56 -> 
  custom:audio-encoder-webm-vorbis: bf7c407c2cedff20999df2af8eb42d56 -> 
========================================================================
Received Prepare
Registering precompiled user dll's ...
Registered in 0.004420 seconds.
Begin MonoManager ReloadAssembly
Native extension for WindowsStandalone target not found
Native extension for OSXStandalone target not found
Native extension for WebGL target not found
Refreshing native plugins compatible for Editor in 0.55 ms, found 3 plugins.
Preloading 0 native plugins for Editor in 0.00 ms.
Mono: successfully reloaded assembly
- Completed reload, in  0.911 seconds
Domain Reload Profiling:
	ReloadAssembly (911ms)
		BeginReloadAssembly (114ms)
			ExecutionOrderSort (0ms)
			DisableScriptedObjects (4ms)
			BackupInstance (0ms)
			ReleaseScriptingObjects (0ms)
			CreateAndSetChildDomain (40ms)
		EndReloadAssembly (736ms)
			LoadAssemblies (87ms)
			RebuildTransferFunctionScriptingTraits (0ms)
			SetupTypeCache (265ms)
			ReleaseScriptCaches (1ms)
			RebuildScriptCaches (36ms)
			SetupLoadedEditorAssemblies (282ms)
				LogAssemblyErrors (0ms)
				InitializePlatformSupportModulesInManaged (6ms)
				SetLoadedEditorAssemblies (0ms)
				RefreshPlugins (1ms)
				BeforeProcessingInitializeOnLoad (69ms)
				ProcessInitializeOnLoadAttributes (193ms)
				ProcessInitializeOnLoadMethodAttributes (7ms)
				AfterProcessingInitializeOnLoad (4ms)
				EditorAssembliesLoaded (0ms)
			ExecutionOrderSort2 (0ms)
			AwakeInstancesAfterBackupRestoration (6ms)
Platform modules already initialized, skipping
Refreshing native plugins compatible for Editor in 0.52 ms, found 3 plugins.
Preloading 0 native plugins for Editor in 0.00 ms.
Unloading 1862 Unused Serialized files (Serialized files now loaded: 0)
System memory in use before: 157.5 MB.
System memory in use after: 157.6 MB.

Unloading 18 unused Assets to reduce memory usage. Loaded Objects now: 2346.
Total: 2.679100 ms (FindLiveObjects: 0.221900 ms CreateObjectMapping: 0.045500 ms MarkObjects: 2.391900 ms  DeleteObjects: 0.018400 ms)

AssetImportParameters requested are different than current active one (requested -> active):
  custom:framework-win-MediaFoundation: 216162199b28c13a410421893ffa2e32 -> 
  custom:video-decoder-ogg-theora: a1e56fd34408186e4bbccfd4996cb3dc -> 
  custom:container-muxer-webm: aa71ff27fc2769a1b78a27578f13a17b -> 
  custom:container-demuxer-webm: 4f35f7cbe854078d1ac9338744f61a02 -> 
  custom:container-demuxer-ogg: 62fdf1f143b41e24485cea50d1cbac27 -> 
  custom:video-encoder-webm-vp8: eb34c28f22e8b96e1ab97ce403110664 -> 
  custom:video-codec-MediaFoundation-h265: 746d11721c4dcdbdad8f713fa42b33f4 -> 
  custom:video-decoder-webm-vp8: 9c59270c3fd7afecdb556c50c9e8de78 -> 
  custom:audio-decoder-ogg-vorbis: bf7c407c2cedff20999df2af8eb42d56 -> 
  custom:audio-encoder-webm-vorbis: bf7c407c2cedff20999df2af8eb42d56 -> 
========================================================================
Received Import Request.
  Time since last request: 146.899976 seconds.
  path: Assets/CharacterAnim/ybot@Standard Run.fbx
  artifactKey: Guid(536cc28a3536f4247b1c2262c317de4b) Importer(815301076,1909f56bfc062723c751e8b465ee728b)
Start importing Assets/CharacterAnim/ybot@Standard Run.fbx using Guid(536cc28a3536f4247b1c2262c317de4b) Importer(815301076,1909f56bfc062723c751e8b465ee728b)  -> (artifact id: '39edd77460d42a503b76c3d648a44e14') in 0.077281 seconds 
  Import took 0.082308 seconds .

========================================================================
Received Import Request.
  Time since last request: 5.549956 seconds.
  path: Assets/CharacterAnim/Standard Run.anim
  artifactKey: Guid(14098f80246e861438890966a9518442) Importer(815301076,1909f56bfc062723c751e8b465ee728b)
Start importing Assets/CharacterAnim/Standard Run.anim using Guid(14098f80246e861438890966a9518442) Importer(815301076,1909f56bfc062723c751e8b465ee728b)  -> (artifact id: '93b62953d045bde9ca16bc11725c09af') in 0.014727 seconds 
  Import took 0.018921 seconds .

========================================================================
Received Prepare
Registering precompiled user dll's ...
Registered in 0.003940 seconds.
Begin MonoManager ReloadAssembly
Native extension for WindowsStandalone target not found
Native extension for OSXStandalone target not found
Native extension for WebGL target not found
Refreshing native plugins compatible for Editor in 0.61 ms, found 3 plugins.
Preloading 0 native plugins for Editor in 0.00 ms.
Mono: successfully reloaded assembly
- Completed reload, in  0.920 seconds
Domain Reload Profiling:
	ReloadAssembly (921ms)
		BeginReloadAssembly (113ms)
			ExecutionOrderSort (0ms)
			DisableScriptedObjects (5ms)
			BackupInstance (0ms)
			ReleaseScriptingObjects (0ms)
			CreateAndSetChildDomain (38ms)
		EndReloadAssembly (752ms)
			LoadAssemblies (86ms)
			RebuildTransferFunctionScriptingTraits (0ms)
			SetupTypeCache (258ms)
			ReleaseScriptCaches (1ms)
			RebuildScriptCaches (39ms)
			SetupLoadedEditorAssemblies (287ms)
				LogAssemblyErrors (0ms)
				InitializePlatformSupportModulesInManaged (7ms)
				SetLoadedEditorAssemblies (0ms)
				RefreshPlugins (1ms)
				BeforeProcessingInitializeOnLoad (77ms)
				ProcessInitializeOnLoadAttributes (190ms)
				ProcessInitializeOnLoadMethodAttributes (7ms)
				AfterProcessingInitializeOnLoad (4ms)
				EditorAssembliesLoaded (0ms)
			ExecutionOrderSort2 (0ms)
			AwakeInstancesAfterBackupRestoration (6ms)
Platform modules already initialized, skipping
Refreshing native plugins compatible for Editor in 0.77 ms, found 3 plugins.
Preloading 0 native plugins for Editor in 0.00 ms.
Unloading 1862 Unused Serialized files (Serialized files now loaded: 0)
System memory in use before: 157.6 MB.
System memory in use after: 157.7 MB.

Unloading 18 unused Assets to reduce memory usage. Loaded Objects now: 2348.
Total: 3.435000 ms (FindLiveObjects: 0.192200 ms CreateObjectMapping: 0.043600 ms MarkObjects: 3.173100 ms  DeleteObjects: 0.024700 ms)

AssetImportParameters requested are different than current active one (requested -> active):
  custom:framework-win-MediaFoundation: 216162199b28c13a410421893ffa2e32 -> 
  custom:video-decoder-ogg-theora: a1e56fd34408186e4bbccfd4996cb3dc -> 
  custom:container-muxer-webm: aa71ff27fc2769a1b78a27578f13a17b -> 
  custom:container-demuxer-webm: 4f35f7cbe854078d1ac9338744f61a02 -> 
  custom:container-demuxer-ogg: 62fdf1f143b41e24485cea50d1cbac27 -> 
  custom:video-encoder-webm-vp8: eb34c28f22e8b96e1ab97ce403110664 -> 
  custom:video-codec-MediaFoundation-h265: 746d11721c4dcdbdad8f713fa42b33f4 -> 
  custom:video-decoder-webm-vp8: 9c59270c3fd7afecdb556c50c9e8de78 -> 
  custom:audio-decoder-ogg-vorbis: bf7c407c2cedff20999df2af8eb42d56 -> 
  custom:audio-encoder-webm-vorbis: bf7c407c2cedff20999df2af8eb42d56 -> 
========================================================================
Received Import Request.
  Time since last request: 144.122559 seconds.
  path: Assets/CharacterAnim/NormalRun.fbx
  artifactKey: Guid(8cc05a00da0fe4f4fafa384d10610a75) Importer(815301076,1909f56bfc062723c751e8b465ee728b)
Start importing Assets/CharacterAnim/NormalRun.fbx using Guid(8cc05a00da0fe4f4fafa384d10610a75) Importer(815301076,1909f56bfc062723c751e8b465ee728b)  -> (artifact id: '162651aebfbc4c01b13faf97cc66e81a') in 0.035616 seconds 
  Import took 0.038883 seconds .

========================================================================
Received Import Request.
  Time since last request: 0.000256 seconds.
  path: Assets/CharacterAnim/ChargeRun.fbx
  artifactKey: Guid(3857f5693b11f1243a677c232bc096d0) Importer(815301076,1909f56bfc062723c751e8b465ee728b)
Start importing Assets/CharacterAnim/ChargeRun.fbx using Guid(3857f5693b11f1243a677c232bc096d0) Importer(815301076,1909f56bfc062723c751e8b465ee728b)  -> (artifact id: '57a0c28137e4ba48ca8d81027523e2f5') in 0.013619 seconds 
  Import took 0.019792 seconds .

========================================================================
Received Import Request.
  Time since last request: 3.361790 seconds.
  path: Assets/CharacterAnim/mixamo.com.anim
  artifactKey: Guid(1baf0616aa60b73448b8d12e5fd410e1) Importer(815301076,1909f56bfc062723c751e8b465ee728b)
Start importing Assets/CharacterAnim/mixamo.com.anim using Guid(1baf0616aa60b73448b8d12e5fd410e1) Importer(815301076,1909f56bfc062723c751e8b465ee728b)  -> (artifact id: '806225895f50781f884ebc176ae38a15') in 0.013478 seconds 
  Import took 0.017864 seconds .

========================================================================
Received Import Request.
  Time since last request: 5.041458 seconds.
  path: Assets/CharacterAnim/ChargeRun.anim
  artifactKey: Guid(1baf0616aa60b73448b8d12e5fd410e1) Importer(815301076,1909f56bfc062723c751e8b465ee728b)
Start importing Assets/CharacterAnim/ChargeRun.anim using Guid(1baf0616aa60b73448b8d12e5fd410e1) Importer(815301076,1909f56bfc062723c751e8b465ee728b)  -> (artifact id: '182f15c3be8c8c6ae4c7c891f260b1f4') in 0.009154 seconds 
  Import took 0.012668 seconds .

========================================================================
Received Import Request.
  Time since last request: 6.550759 seconds.
  path: Assets/CharacterAnim/mixamo.com.anim
  artifactKey: Guid(f95a765929c34c54ca357cd66c4fa53d) Importer(815301076,1909f56bfc062723c751e8b465ee728b)
Start importing Assets/CharacterAnim/mixamo.com.anim using Guid(f95a765929c34c54ca357cd66c4fa53d) Importer(815301076,1909f56bfc062723c751e8b465ee728b)  -> (artifact id: 'dd30f5ee95f218d18fe14885952e3044') in 0.007774 seconds 
  Import took 0.013341 seconds .

========================================================================
Received Import Request.
  Time since last request: 5.651721 seconds.
  path: Assets/CharacterAnim/ChargeRun.anim
  artifactKey: Guid(f95a765929c34c54ca357cd66c4fa53d) Importer(815301076,1909f56bfc062723c751e8b465ee728b)
Start importing Assets/CharacterAnim/ChargeRun.anim using Guid(f95a765929c34c54ca357cd66c4fa53d) Importer(815301076,1909f56bfc062723c751e8b465ee728b)  -> (artifact id: '818179130db17c22c1cd371fe58630a0') in 0.008318 seconds 
  Import took 0.012668 seconds .

========================================================================
Received Import Request.
  Time since last request: 14.403326 seconds.
  path: Assets/CharacterAnim/ChargeRun 1.anim
  artifactKey: Guid(9d4fe5cff0291854f8664d1bcaf9c79c) Importer(815301076,1909f56bfc062723c751e8b465ee728b)
Start importing Assets/CharacterAnim/ChargeRun 1.anim using Guid(9d4fe5cff0291854f8664d1bcaf9c79c) Importer(815301076,1909f56bfc062723c751e8b465ee728b)  -> (artifact id: 'e5df2db8fe132355064d0b6eaa1eceeb') in 0.014206 seconds 
  Import took 0.018485 seconds .

========================================================================
Received Import Request.
  Time since last request: 54.864294 seconds.
  path: Assets/CharacterAnim/mixamo.com.anim
  artifactKey: Guid(49af4cc9447031f4d96338dae6d087c5) Importer(815301076,1909f56bfc062723c751e8b465ee728b)
Start importing Assets/CharacterAnim/mixamo.com.anim using Guid(49af4cc9447031f4d96338dae6d087c5) Importer(815301076,1909f56bfc062723c751e8b465ee728b)  -> (artifact id: 'e1681e791e5c4040affcb92d7fe65754') in 0.007604 seconds 
  Import took 0.012549 seconds .

========================================================================
Received Import Request.
  Time since last request: 5.545634 seconds.
  path: Assets/CharacterAnim/NormalRun.anim
  artifactKey: Guid(49af4cc9447031f4d96338dae6d087c5) Importer(815301076,1909f56bfc062723c751e8b465ee728b)
Start importing Assets/CharacterAnim/NormalRun.anim using Guid(49af4cc9447031f4d96338dae6d087c5) Importer(815301076,1909f56bfc062723c751e8b465ee728b)  -> (artifact id: '9ae5641ddd5136db746bf81735e671c9') in 0.007808 seconds 
  Import took 0.012789 seconds .

========================================================================
Received Prepare
Registering precompiled user dll's ...
Registered in 0.003686 seconds.
Begin MonoManager ReloadAssembly
Native extension for WindowsStandalone target not found
Native extension for OSXStandalone target not found
Native extension for WebGL target not found
Refreshing native plugins compatible for Editor in 0.75 ms, found 3 plugins.
Preloading 0 native plugins for Editor in 0.00 ms.
Mono: successfully reloaded assembly
- Completed reload, in  0.951 seconds
Domain Reload Profiling:
	ReloadAssembly (951ms)
		BeginReloadAssembly (120ms)
			ExecutionOrderSort (0ms)
			DisableScriptedObjects (4ms)
			BackupInstance (0ms)
			ReleaseScriptingObjects (0ms)
			CreateAndSetChildDomain (36ms)
		EndReloadAssembly (774ms)
			LoadAssemblies (88ms)
			RebuildTransferFunctionScriptingTraits (0ms)
			SetupTypeCache (250ms)
			ReleaseScriptCaches (1ms)
			RebuildScriptCaches (41ms)
			SetupLoadedEditorAssemblies (314ms)
				LogAssemblyErrors (0ms)
				InitializePlatformSupportModulesInManaged (7ms)
				SetLoadedEditorAssemblies (1ms)
				RefreshPlugins (1ms)
				BeforeProcessingInitializeOnLoad (79ms)
				ProcessInitializeOnLoadAttributes (214ms)
				ProcessInitializeOnLoadMethodAttributes (7ms)
				AfterProcessingInitializeOnLoad (5ms)
				EditorAssembliesLoaded (0ms)
			ExecutionOrderSort2 (0ms)
			AwakeInstancesAfterBackupRestoration (6ms)
Platform modules already initialized, skipping
Refreshing native plugins compatible for Editor in 0.72 ms, found 3 plugins.
Preloading 0 native plugins for Editor in 0.00 ms.
Unloading 1862 Unused Serialized files (Serialized files now loaded: 0)
System memory in use before: 157.6 MB.
System memory in use after: 157.7 MB.

Unloading 18 unused Assets to reduce memory usage. Loaded Objects now: 2350.
Total: 3.633100 ms (FindLiveObjects: 0.368000 ms CreateObjectMapping: 0.076900 ms MarkObjects: 3.164200 ms  DeleteObjects: 0.022300 ms)

AssetImportParameters requested are different than current active one (requested -> active):
  custom:framework-win-MediaFoundation: 216162199b28c13a410421893ffa2e32 -> 
  custom:video-decoder-ogg-theora: a1e56fd34408186e4bbccfd4996cb3dc -> 
  custom:container-muxer-webm: aa71ff27fc2769a1b78a27578f13a17b -> 
  custom:container-demuxer-webm: 4f35f7cbe854078d1ac9338744f61a02 -> 
  custom:container-demuxer-ogg: 62fdf1f143b41e24485cea50d1cbac27 -> 
  custom:video-encoder-webm-vp8: eb34c28f22e8b96e1ab97ce403110664 -> 
  custom:video-codec-MediaFoundation-h265: 746d11721c4dcdbdad8f713fa42b33f4 -> 
  custom:video-decoder-webm-vp8: 9c59270c3fd7afecdb556c50c9e8de78 -> 
  custom:audio-decoder-ogg-vorbis: bf7c407c2cedff20999df2af8eb42d56 -> 
  custom:audio-encoder-webm-vorbis: bf7c407c2cedff20999df2af8eb42d56 -> 
